        -:    0:Source:src/asm.c
        -:    1:/**
        -:    2: * x86_64 Assembler - Command-line driver
        -:    3: */
        -:    4:
        -:    5:#include "x86_64_asm.h"
        -:    6:#include <stdio.h>
        -:    7:#include <stdlib.h>
        -:    8:#include <string.h>
        -:    9:
function print_usage called 0 returned 0% blocks executed 0%
    #####:   10:static void print_usage(const char *prog) {
    #####:   11:    fprintf(stderr, "Usage: %s [options] <input.asm>\n", prog);
call    0 never executed
    #####:   12:    fprintf(stderr, "Options:\n");
call    0 never executed
    #####:   13:    fprintf(stderr, "  -o <file>    Output file (default: a.out)\n");
call    0 never executed
    #####:   14:    fprintf(stderr, "  -f <fmt>     Output format: elf64, bin, hex (default: elf64)\n");
call    0 never executed
    #####:   15:    fprintf(stderr, "  -g           Emit lightweight debug map (<output>.dbg)\n");
call    0 never executed
    #####:   16:    fprintf(stderr, "  -d           Dump symbols and code\n");
call    0 never executed
    #####:   17:    fprintf(stderr, "  -h           Show this help\n");
call    0 never executed
    #####:   18:}
        -:   19:
function main called 0 returned 0% blocks executed 0%
    #####:   20:int main(int argc, char **argv) {
    #####:   21:    const char *input_file = NULL;
    #####:   22:    const char *output_file = "a.out";
    #####:   23:    const char *format = "elf64";
    #####:   24:    int dump = 0;
    #####:   25:    int debug_map = 0;
        -:   26:
    #####:   27:    for (int i = 1; i < argc; i++) {
branch  0 never executed
branch  1 never executed (fallthrough)
    #####:   28:        if (strcmp(argv[i], "-o") == 0 && i + 1 < argc) {
branch  0 never executed (fallthrough)
branch  1 never executed
branch  2 never executed (fallthrough)
branch  3 never executed
    #####:   29:            output_file = argv[++i];
    #####:   30:        } else if (strcmp(argv[i], "-f") == 0 && i + 1 < argc) {
branch  0 never executed (fallthrough)
branch  1 never executed
branch  2 never executed (fallthrough)
branch  3 never executed
    #####:   31:            format = argv[++i];
    #####:   32:        } else if (strcmp(argv[i], "-g") == 0) {
branch  0 never executed (fallthrough)
branch  1 never executed
        -:   33:            debug_map = 1;
    #####:   34:        } else if (strcmp(argv[i], "-d") == 0) {
branch  0 never executed (fallthrough)
branch  1 never executed
        -:   35:            dump = 1;
    #####:   36:        } else if (strcmp(argv[i], "-h") == 0 || strcmp(argv[i], "--help") == 0) {
branch  0 never executed (fallthrough)
branch  1 never executed
branch  2 never executed (fallthrough)
branch  3 never executed
    #####:   37:            print_usage(argv[0]);
    #####:   38:            return 0;
call    0 never executed
    #####:   39:        } else if (argv[i][0] != '-') {
branch  0 never executed (fallthrough)
branch  1 never executed
        -:   40:            input_file = argv[i];
        -:   41:        } else {
    #####:   42:            fprintf(stderr, "Unknown option: %s\n", argv[i]);
call    0 never executed
    #####:   43:            print_usage(argv[0]);
    #####:   44:            return 1;
call    0 never executed
        -:   45:        }
        -:   46:    }
        -:   47:
    #####:   48:    if (!input_file) {
branch  0 never executed (fallthrough)
branch  1 never executed
    #####:   49:        fprintf(stderr, "Error: No input file specified\n");
call    0 never executed
    #####:   50:        print_usage(argv[0]);
    #####:   51:        return 1;
call    0 never executed
        -:   52:    }
        -:   53:
        -:   54:    /* Initialize assembler */
    #####:   55:    assembler_context_t *ctx = asm_init();
call    0 never executed
    #####:   56:    if (!ctx) {
branch  0 never executed (fallthrough)
branch  1 never executed
    #####:   57:        fprintf(stderr, "Error: Failed to initialize assembler\n");
    #####:   58:        return 1;
call    0 never executed
        -:   59:    }
    #####:   60:    ctx->emit_debug_map = (debug_map != 0);
        -:   61:
    #####:   62:    printf("Assembling: %s\n", input_file);
call    0 never executed
        -:   63:
        -:   64:    /* Assemble */
    #####:   65:    if (asm_assemble_file(ctx, input_file) < 0) {
call    0 never executed
branch  1 never executed (fallthrough)
branch  2 never executed
    #####:   66:        fprintf(stderr, "Error: Assembly failed\n");
call    0 never executed
    #####:   67:        asm_free(ctx);
    #####:   68:        return 1;
call    0 never executed
        -:   69:    }
        -:   70:
    #####:   71:    printf("Assembly successful: %zu bytes generated\n", ctx->text_size);
call    0 never executed
        -:   72:
        -:   73:    /* Dump if requested */
    #####:   74:    if (dump) {
branch  0 never executed (fallthrough)
branch  1 never executed
    #####:   75:        asm_dump_symbols(ctx);
call    0 never executed
    #####:   76:        asm_dump_output(ctx);
call    0 never executed
        -:   77:    }
        -:   78:
        -:   79:    /* Write output */
    #####:   80:    int result = 0;
    #####:   81:    if (strcmp(format, "elf64") == 0) {
branch  0 never executed (fallthrough)
branch  1 never executed
    #####:   82:        result = asm_write_elf64(ctx, output_file);
call    0 never executed
    #####:   83:    } else if (strcmp(format, "bin") == 0) {
branch  0 never executed (fallthrough)
branch  1 never executed
    #####:   84:        result = asm_write_binary(ctx, output_file);
call    0 never executed
    #####:   85:    } else if (strcmp(format, "hex") == 0) {
branch  0 never executed (fallthrough)
branch  1 never executed
    #####:   86:        result = asm_write_hex(ctx, output_file);
call    0 never executed
        -:   87:    } else {
    #####:   88:        fprintf(stderr, "Error: Unknown format '%s'\n", format);
    #####:   89:        result = -1;
        -:   90:    }
        -:   91:
    #####:   92:    if (result < 0) {
call    0 never executed
branch  1 never executed (fallthrough)
branch  2 never executed
    #####:   93:        fprintf(stderr, "Error: Failed to write output\n");
call    0 never executed
    #####:   94:        asm_free(ctx);
    #####:   95:        return 1;
call    0 never executed
        -:   96:    }
        -:   97:
    #####:   98:    if (ctx->emit_debug_map) {
branch  0 never executed (fallthrough)
branch  1 never executed
    #####:   99:        if (asm_write_debug_map(ctx, output_file) < 0) {
call    0 never executed
branch  1 never executed (fallthrough)
branch  2 never executed
    #####:  100:            fprintf(stderr, "Error: Failed to write debug map\n");
call    0 never executed
    #####:  101:            asm_free(ctx);
    #####:  102:            return 1;
call    0 never executed
        -:  103:        }
        -:  104:    }
        -:  105:
    #####:  106:    printf("Output written to: %s\n", output_file);
call    0 never executed
        -:  107:
    #####:  108:    asm_free(ctx);
    #####:  109:    return 0;
call    0 never executed
        -:  110:}
