        -:    0:Source:src/x86_64_asm.c
        -:    1:/**
        -:    2: * x86_64 Assembler - Main assembler core
        -:    3: * Symbol table, fixup resolution, and ELF64 output
        -:    4: */
        -:    5:
        -:    6:#include "x86_64_asm.h"
        -:    7:#include <stdio.h>
        -:    8:#include <stdlib.h>
        -:    9:#include <string.h>
        -:   10:#include <ctype.h>
        -:   11:#include <assert.h>
        -:   12:
        -:   13:/* External functions */
        -:   14:extern parsed_instruction_t *parse_source(const char *source, int *count);
        -:   15:extern parsed_instruction_t *parse_source_with_context(assembler_context_t *ctx, const char *source, int *count);
        -:   16:extern void free_instructions(parsed_instruction_t *insts);
        -:   17:
        -:   18:/* Encoder functions */
        -:   19:extern int encode_mov(assembler_context_t *ctx, const parsed_instruction_t *inst);
        -:   20:extern int encode_push_pop(assembler_context_t *ctx, const parsed_instruction_t *inst);
        -:   21:extern int encode_arithmetic(assembler_context_t *ctx, const parsed_instruction_t *inst);
        -:   22:extern int encode_unary_arithmetic(assembler_context_t *ctx, const parsed_instruction_t *inst);
        -:   23:extern int encode_lea(assembler_context_t *ctx, const parsed_instruction_t *inst);
        -:   24:extern int encode_jmp(assembler_context_t *ctx, const parsed_instruction_t *inst);
        -:   25:extern int encode_jcc(assembler_context_t *ctx, const parsed_instruction_t *inst);
        -:   26:extern int encode_call_ret(assembler_context_t *ctx, const parsed_instruction_t *inst);
        -:   27:extern int encode_int(assembler_context_t *ctx, const parsed_instruction_t *inst);
        -:   28:extern int encode_syscall(assembler_context_t *ctx, const parsed_instruction_t *inst);
        -:   29:extern int encode_sysret(assembler_context_t *ctx, const parsed_instruction_t *inst);
        -:   30:extern int encode_nop(assembler_context_t *ctx, const parsed_instruction_t *inst);
        -:   31:extern int encode_hlt(assembler_context_t *ctx, const parsed_instruction_t *inst);
        -:   32:extern int encode_cwd_cdq_cqo(assembler_context_t *ctx, const parsed_instruction_t *inst);
        -:   33:extern int encode_cbw_cwde_cdqe(assembler_context_t *ctx, const parsed_instruction_t *inst);
        -:   34:extern int encode_clc_stc_cmc(assembler_context_t *ctx, const parsed_instruction_t *inst);
        -:   35:extern int encode_cld_std(assembler_context_t *ctx, const parsed_instruction_t *inst);
        -:   36:extern int encode_cli_sti(assembler_context_t *ctx, const parsed_instruction_t *inst);
        -:   37:extern int encode_leave(assembler_context_t *ctx, const parsed_instruction_t *inst);
        -:   38:extern int encode_enter(assembler_context_t *ctx, const parsed_instruction_t *inst);
        -:   39:extern int encode_setcc(assembler_context_t *ctx, const parsed_instruction_t *inst);
        -:   40:extern int encode_cmov(assembler_context_t *ctx, const parsed_instruction_t *inst);
        -:   41:extern int encode_bswap(assembler_context_t *ctx, const parsed_instruction_t *inst);
        -:   42:extern int encode_xchg(assembler_context_t *ctx, const parsed_instruction_t *inst);
        -:   43:extern int encode_imul(assembler_context_t *ctx, const parsed_instruction_t *inst);
        -:   44:extern int encode_div_idiv_mul(assembler_context_t *ctx, const parsed_instruction_t *inst);
        -:   45:extern int encode_test(assembler_context_t *ctx, const parsed_instruction_t *inst);
        -:   46:extern int encode_shift(assembler_context_t *ctx, const parsed_instruction_t *inst);
        -:   47:extern int encode_string(assembler_context_t *ctx, const parsed_instruction_t *inst);
        -:   48:extern int encode_bit_manip(assembler_context_t *ctx, const parsed_instruction_t *inst);
        -:   49:extern int encode_shld_shrd(assembler_context_t *ctx, const parsed_instruction_t *inst);
        -:   50:extern int encode_bit_scan(assembler_context_t *ctx, const parsed_instruction_t *inst);
        -:   51:
        -:   52:extern int emit_byte(assembler_context_t *ctx, uint8_t byte);
        -:   53:
        -:   54:/* ============================================================================
        -:   55: * HASH TABLE FOR SYMBOL LOOKUP
        -:   56: * ============================================================================ */
        -:   57:
        -:   58:/* FNV-1a hash function for strings */
     1071:   59:static uint32_t fnv1a_hash(const char *str) {
     1071:   60:    uint32_t hash = 2166136261U;  /* FNV offset basis */
    38629:   61:    while (*str) {
branch  0 taken 9449
branch  1 taken 277 (fallthrough)
branch  2 taken 28109
branch  3 taken 794 (fallthrough)
    37558:   62:        hash ^= (uint8_t)*str++;
    37558:   63:        hash *= 16777619U;  /* FNV prime */
        -:   64:    }
     1071:   65:    return hash;
        -:   66:}
        -:   67:
        -:   68:/* Lookup symbol in hash table - O(1) average case */
function symbol_hash_lookup called 794 returned 100% blocks executed 100%
      794:   69:hash_entry_t *symbol_hash_lookup(assembler_context_t *ctx, const char *name) {
      794:   70:    uint32_t hash = fnv1a_hash(name);
      794:   71:    int idx = hash % HASH_TABLE_SIZE;
        -:   72:    
      794:   73:    hash_entry_t *entry = ctx->symbol_hash[idx];
      950:   74:    while (entry) {
branch  0 taken 673
branch  1 taken 277 (fallthrough)
      673:   75:        if (strcmp(entry->name, name) == 0) {
branch  0 taken 156 (fallthrough)
branch  1 taken 517
        -:   76:            return entry;
        -:   77:        }
      156:   78:        entry = entry->next;
        -:   79:    }
        -:   80:    return NULL;
        -:   81:}
        -:   82:
        -:   83:/* Insert symbol into hash table */
function symbol_hash_insert called 277 returned 100% blocks executed 75%
      277:   84:int symbol_hash_insert(assembler_context_t *ctx, const char *name, uint64_t address,
        -:   85:                               bool is_global, bool is_external, int section) {
      277:   86:    uint32_t hash = fnv1a_hash(name);
      277:   87:    int idx = hash % HASH_TABLE_SIZE;
        -:   88:    
        -:   89:    /* Create new entry */
      277:   90:    hash_entry_t *entry = malloc(sizeof(hash_entry_t));
      277:   91:    if (!entry) {
branch  0 taken 0 (fallthrough)
branch  1 taken 277
    #####:   92:        fprintf(stderr, "Error: Out of memory for symbol hash table\n");
    #####:   93:        return -1;
call    0 never executed
        -:   94:    }
        -:   95:    
      277:   96:    strncpy(entry->name, name, MAX_LABEL_LENGTH - 1);
      277:   97:    entry->name[MAX_LABEL_LENGTH - 1] = '\0';
      277:   98:    entry->address = address;
      277:   99:    entry->is_resolved = true;
      277:  100:    entry->is_global = is_global;
      277:  101:    entry->is_external = is_external;
      277:  102:    entry->section = section;
      277:  103:    entry->next = ctx->symbol_hash[idx];
      277:  104:    ctx->symbol_hash[idx] = entry;
        -:  105:    
      277:  106:    return 0;
        -:  107:}
        -:  108:
        -:  109:/* Update existing symbol in hash table */
function symbol_hash_update called 277 returned 100% blocks executed 100%
      277:  110:int symbol_hash_update(assembler_context_t *ctx, const char *name, uint64_t address,
        -:  111:                               bool is_global, bool is_external, int section) {
      277:  112:    hash_entry_t *entry = symbol_hash_lookup(ctx, name);
call    0 returned 277
      277:  113:    if (entry) {
branch  0 taken 277 (fallthrough)
branch  1 taken 0
      277:  114:        entry->address = address;
      277:  115:        entry->is_resolved = true;
      277:  116:        entry->is_global = is_global;
      277:  117:        entry->is_external = is_external;
      277:  118:        entry->section = section;
      277:  119:        return 0;
        -:  120:    }
        -:  121:    return -1;  /* Not found */
        -:  122:}
        -:  123:
        -:  124:/* ============================================================================
        -:  125: * CONTEXT MANAGEMENT
        -:  126: * ============================================================================ */
        -:  127:
function asm_init called 41 returned 100% blocks executed 62%
       41:  128:assembler_context_t *asm_init(void) {
       41:  129:    assembler_context_t *ctx = calloc(1, sizeof(assembler_context_t));
       41:  130:    if (!ctx) return NULL;
branch  0 taken 0 (fallthrough)
branch  1 taken 41
        -:  131:
       41:  132:    ctx->text_capacity = MAX_OUTPUT_SIZE;
       41:  133:    ctx->text_section = malloc(ctx->text_capacity);
       41:  134:    if (!ctx->text_section) {
branch  0 taken 0 (fallthrough)
branch  1 taken 41
    #####:  135:        free(ctx);
    #####:  136:        return NULL;
        -:  137:    }
        -:  138:
       41:  139:    ctx->data_capacity = MAX_OUTPUT_SIZE;
       41:  140:    ctx->data_section = malloc(ctx->data_capacity);
       41:  141:    if (!ctx->data_section) {
branch  0 taken 0 (fallthrough)
branch  1 taken 41
    #####:  142:        free(ctx->text_section);
    #####:  143:        free(ctx);
    #####:  144:        return NULL;
        -:  145:    }
        -:  146:
       41:  147:    ctx->base_address = 0x400000; /* Default Linux base address */
       41:  148:    ctx->current_section = 0; /* text section */
       41:  149:    ctx->symbol_count = 0;
       41:  150:    ctx->fixup_count = 0;
        -:  151:
       41:  152:    return ctx;
        -:  153:}
        -:  154:
function asm_free called 41 returned 100% blocks executed 100%
       41:  155:void asm_free(assembler_context_t *ctx) {
       41:  156:    if (!ctx) return;
branch  0 taken 41
branch  1 taken 0
        -:  157:    
        -:  158:    /* Free hash table entries */
    42025:  159:    for (int i = 0; i < HASH_TABLE_SIZE; i++) {
branch  0 taken 41984
branch  1 taken 41 (fallthrough)
    41984:  160:        hash_entry_t *entry = ctx->symbol_hash[i];
    42261:  161:        while (entry) {
branch  0 taken 277
branch  1 taken 41984 (fallthrough)
      277:  162:            hash_entry_t *next = entry->next;
      277:  163:            free(entry);
      277:  164:            entry = next;
        -:  165:        }
        -:  166:    }
        -:  167:    
       41:  168:    free(ctx->text_section);
       41:  169:    free(ctx->data_section);
       41:  170:    free(ctx->output);
       41:  171:    free(ctx);
        -:  172:}
        -:  173:
        -:  174:/* ============================================================================
        -:  175: * SYMBOL TABLE
        -:  176: * ============================================================================ */
        -:  177:
function add_symbol called 277 returned 100% blocks executed 35%
      277:  178:int add_symbol(assembler_context_t *ctx, const char *name, uint64_t address,
        -:  179:               bool is_global, bool is_external, int section) {
      277:  180:    if (ctx->symbol_count >= MAX_SYMBOLS) {
branch  0 taken 0 (fallthrough)
branch  1 taken 277
    #####:  181:        fprintf(stderr, "Error: Symbol table full\n");
    #####:  182:        return -1;
call    0 never executed
        -:  183:    }
        -:  184:
        -:  185:    /* Check if symbol already exists using hash table - O(1) lookup */
      277:  186:    hash_entry_t *existing = symbol_hash_lookup(ctx, name);
call    0 returned 277
      277:  187:    if (existing) {
branch  0 taken 0 (fallthrough)
branch  1 taken 277
    #####:  188:        if (!existing->is_resolved) {
branch  0 never executed (fallthrough)
branch  1 never executed
        -:  189:            /* Update existing unresolved symbol */
    #####:  190:            existing->address = address;
    #####:  191:            existing->is_resolved = true;
    #####:  192:            existing->is_global = is_global;
    #####:  193:            existing->is_external = is_external;
    #####:  194:            existing->section = section;
        -:  195:            
        -:  196:            /* Also update in array for consistency */
    #####:  197:            for (int i = 0; i < ctx->symbol_count; i++) {
branch  0 never executed
branch  1 never executed (fallthrough)
    #####:  198:                if (strcmp(ctx->symbols[i].name, name) == 0) {
branch  0 never executed (fallthrough)
branch  1 never executed
    #####:  199:                    ctx->symbols[i].address = address;
    #####:  200:                    ctx->symbols[i].is_resolved = true;
    #####:  201:                    break;
        -:  202:                }
        -:  203:            }
    #####:  204:            return 0;
        -:  205:        }
    #####:  206:        fprintf(stderr, "Error: Redefined symbol '%s'\n", name);
    #####:  207:        return -1;
call    0 never executed
        -:  208:    }
        -:  209:
        -:  210:    /* Add to array (for iteration) */
      277:  211:    symbol_t *sym = &ctx->symbols[ctx->symbol_count++];
      277:  212:    strncpy(sym->name, name, MAX_LABEL_LENGTH - 1);
      277:  213:    sym->name[MAX_LABEL_LENGTH - 1] = '\0';
      277:  214:    sym->address = address;
      277:  215:    sym->decl_line = 0;
      277:  216:    sym->decl_column = 1;
      277:  217:    sym->is_resolved = true;
      277:  218:    sym->is_global = is_global;
      277:  219:    sym->is_external = is_external;
      277:  220:    sym->is_function = false;
      277:  221:    sym->section = section;
        -:  222:
        -:  223:    /* Add to hash table (for O(1) lookup) */
      277:  224:    if (symbol_hash_insert(ctx, name, address, is_global, is_external, section) < 0) {
call    0 returned 277
branch  1 taken 277
branch  2 taken 0 (fallthrough)
    #####:  225:        ctx->symbol_count--;  /* Rollback */
    #####:  226:        return -1;
        -:  227:    }
        -:  228:
        -:  229:    return 0;
        -:  230:}
        -:  231:
function find_symbol_address called 240 returned 100% blocks executed 100%
      240:  232:int find_symbol_address(assembler_context_t *ctx, const char *name, uint64_t *addr) {
        -:  233:    /* Use hash table for O(1) lookup instead of linear search */
      240:  234:    hash_entry_t *entry = symbol_hash_lookup(ctx, name);
call    0 returned 240
      240:  235:    if (entry && entry->is_resolved) {
branch  0 taken 240 (fallthrough)
branch  1 taken 0
branch  2 taken 240 (fallthrough)
branch  3 taken 0
      240:  236:        *addr = entry->address;
      240:  237:        return 0;
        -:  238:    }
        -:  239:    return -1;
        -:  240:}
        -:  241:
        -:  242:/* Check if symbol exists (for undefined symbol checking) */
function symbol_exists called 0 returned 0% blocks executed 0%
    #####:  243:bool symbol_exists(assembler_context_t *ctx, const char *name) {
    #####:  244:    return symbol_hash_lookup(ctx, name) != NULL;
call    0 never executed
        -:  245:}
        -:  246:
        -:  247:/* Get full symbol info from hash table */
function get_symbol_info called 0 returned 0% blocks executed 0%
    #####:  248:hash_entry_t *get_symbol_info(assembler_context_t *ctx, const char *name) {
    #####:  249:    return symbol_hash_lookup(ctx, name);
call    0 never executed
        -:  250:}
        -:  251:
        -:  252:/* ============================================================================
        -:  253: * FIXUP RESOLUTION
        -:  254: * ============================================================================ */
        -:  255:
function add_fixup called 0 returned 0% blocks executed 0%
    #####:  256:int add_fixup(assembler_context_t *ctx, const char *label, uint64_t location,
        -:  257:              int size, instruction_type_t inst_type) {
    #####:  258:    if (ctx->fixup_count >= MAX_SYMBOLS) {
branch  0 never executed (fallthrough)
branch  1 never executed
    #####:  259:        fprintf(stderr, "Error: Fixup list full\n");
    #####:  260:        return -1;
call    0 never executed
        -:  261:    }
        -:  262:
    #####:  263:    strncpy(ctx->fixups[ctx->fixup_count].label, label, MAX_LABEL_LENGTH - 1);
    #####:  264:    ctx->fixups[ctx->fixup_count].label[MAX_LABEL_LENGTH - 1] = '\0';
    #####:  265:    ctx->fixups[ctx->fixup_count].location = location;
    #####:  266:    ctx->fixups[ctx->fixup_count].size = size;
    #####:  267:    ctx->fixups[ctx->fixup_count].instruction_type = inst_type;
    #####:  268:    ctx->fixups[ctx->fixup_count].is_rip_relative = false;
    #####:  269:    ctx->fixups[ctx->fixup_count].section = 0;
        -:  270:
    #####:  271:    ctx->fixup_count++;
    #####:  272:    return 0;
        -:  273:}
        -:  274:
function add_fixup_rip_relative called 1 returned 100% blocks executed 60%
        1:  275:int add_fixup_rip_relative(assembler_context_t *ctx, const char *label,
        -:  276:                           uint64_t location, int section) {
        1:  277:    if (ctx->fixup_count >= MAX_SYMBOLS) {
branch  0 taken 0 (fallthrough)
branch  1 taken 1
    #####:  278:        fprintf(stderr, "Error: Fixup list full\n");
    #####:  279:        return -1;
call    0 never executed
        -:  280:    }
        -:  281:
        1:  282:    strncpy(ctx->fixups[ctx->fixup_count].label, label, MAX_LABEL_LENGTH - 1);
        1:  283:    ctx->fixups[ctx->fixup_count].label[MAX_LABEL_LENGTH - 1] = '\0';
        1:  284:    ctx->fixups[ctx->fixup_count].location = location;
        1:  285:    ctx->fixups[ctx->fixup_count].size = 4;  /* 32-bit displacement */
        1:  286:    ctx->fixups[ctx->fixup_count].instruction_type = INST_MOV;  /* Generic */
        1:  287:    ctx->fixups[ctx->fixup_count].is_rip_relative = true;
        1:  288:    ctx->fixups[ctx->fixup_count].section = section;
        -:  289:
        1:  290:    ctx->fixup_count++;
        1:  291:    return 0;
        -:  292:}
        -:  293:
function resolve_fixups called 31 returned 100% blocks executed 50%
       31:  294:int resolve_fixups(assembler_context_t *ctx) {
      271:  295:    for (int i = 0; i < ctx->fixup_count; i++) {
branch  0 taken 240
branch  1 taken 31 (fallthrough)
      240:  296:        uint64_t target;
      240:  297:        if (find_symbol_address(ctx, ctx->fixups[i].label, &target) < 0) {
call    0 returned 240
branch  1 taken 0 (fallthrough)
branch  2 taken 240
    #####:  298:            fprintf(stderr, "Error: Undefined symbol '%s'\n", ctx->fixups[i].label);
    #####:  299:            return -1;
call    0 never executed
        -:  300:        }
        -:  301:
      240:  302:        uint64_t location = ctx->fixups[i].location;
      240:  303:        int size = ctx->fixups[i].size;
        -:  304:
        -:  305:        /* Calculate relative offset for control flow instructions */
      240:  306:        int64_t value;
      240:  307:        instruction_type_t inst_type = ctx->fixups[i].instruction_type;
        -:  308:
      240:  309:        if (ctx->fixups[i].is_rip_relative) {
branch  0 taken 1 (fallthrough)
branch  1 taken 239
        -:  310:            /* RIP-relative addressing: offset from end of instruction to target */
        -:  311:            /* location points to the displacement field, size is 4 bytes */
        1:  312:            value = (int64_t)target - ((int64_t)location + size);
      239:  313:        } else if (inst_type == INST_JMP || inst_type == INST_CALL ||
branch  0 taken 5 (fallthrough)
branch  1 taken 234
        5:  314:            (inst_type >= INST_JA && inst_type <= INST_JS)) {
branch  0 taken 5 (fallthrough)
branch  1 taken 0
        -:  315:            /* Relative offset for control flow */
      239:  316:            value = (int64_t)target - ((int64_t)location + size);
        -:  317:        } else {
        -:  318:            /* Absolute address */
    #####:  319:            value = (int64_t)target;
        -:  320:        }
        -:  321:
        -:  322:        /* Write the value to the output */
      240:  323:        uint64_t offset = location - ctx->base_address;
      240:  324:        if (offset + size > ctx->text_size) {
branch  0 taken 0 (fallthrough)
branch  1 taken 240
    #####:  325:            fprintf(stderr, "Error: Fixup location out of bounds\n");
    #####:  326:            return -1;
call    0 never executed
        -:  327:        }
        -:  328:
        -:  329:        /* Patch the bytes */
      240:  330:        if (size == 1) {
branch  0 taken 0 (fallthrough)
branch  1 taken 240
    #####:  331:            if (value < -128 || value > 127) {
branch  0 never executed (fallthrough)
branch  1 never executed
    #####:  332:                fprintf(stderr, "Error: Fixup value out of 8-bit range\n");
    #####:  333:                return -1;
call    0 never executed
        -:  334:            }
    #####:  335:            ctx->text_section[offset] = (uint8_t)(int8_t)value;
      240:  336:        } else if (size == 4) {
branch  0 taken 240 (fallthrough)
branch  1 taken 0
      240:  337:            if (value < INT32_MIN || value > INT32_MAX) {
branch  0 taken 0 (fallthrough)
branch  1 taken 240
    #####:  338:                fprintf(stderr, "Error: Fixup value out of 32-bit range\n");
    #####:  339:                return -1;
call    0 never executed
        -:  340:            }
      240:  341:            int32_t v32 = (int32_t)value;
      240:  342:            ctx->text_section[offset] = v32 & 0xFF;
      240:  343:            ctx->text_section[offset + 1] = (v32 >> 8) & 0xFF;
      240:  344:            ctx->text_section[offset + 2] = (v32 >> 16) & 0xFF;
      240:  345:            ctx->text_section[offset + 3] = (v32 >> 24) & 0xFF;
    #####:  346:        } else if (size == 8) {
branch  0 never executed (fallthrough)
branch  1 never executed
    #####:  347:            uint64_t v64 = (uint64_t)value;
    #####:  348:            for (int j = 0; j < 8; j++) {
branch  0 never executed
branch  1 never executed (fallthrough)
    #####:  349:                ctx->text_section[offset + j] = (v64 >> (j * 8)) & 0xFF;
        -:  350:            }
        -:  351:        }
        -:  352:    }
        -:  353:
        -:  354:    return 0;
        -:  355:}
        -:  356:
        -:  357:/* ============================================================================
        -:  358: * INSTRUCTION DISPATCH
        -:  359: * ============================================================================ */
        -:  360:
function encode_instruction called 725 returned 100% blocks executed 32%
      725:  361:int encode_instruction(assembler_context_t *ctx, const parsed_instruction_t *inst) {
      725:  362:    switch (inst->type) {
branch  0 taken 118
branch  1 taken 2
branch  2 taken 30
branch  3 taken 2
branch  4 taken 0
branch  5 taken 4
branch  6 taken 5
branch  7 taken 460
branch  8 taken 1
branch  9 taken 30
branch 10 taken 0
branch 11 taken 0
branch 12 taken 0
branch 13 taken 5
branch 14 taken 5
branch 15 taken 0
branch 16 taken 0
branch 17 taken 0
branch 18 taken 1
branch 19 taken 3
branch 20 taken 0
branch 21 taken 0
branch 22 taken 0
branch 23 taken 1
branch 24 taken 0
branch 25 taken 0
branch 26 taken 0
branch 27 taken 0
branch 28 taken 0
branch 29 taken 0
branch 30 taken 0
branch 31 taken 0
branch 32 taken 19
branch 33 taken 3
branch 34 taken 4
branch 35 taken 6
branch 36 taken 26
branch 37 taken 0
branch 38 taken 0
branch 39 taken 0
branch 40 taken 0
      118:  363:        case INST_MOV:
        -:  364:        case INST_MOVZX:
        -:  365:        case INST_MOVSX:
      118:  366:            return encode_mov(ctx, inst);
call    0 returned 118
        -:  367:
        2:  368:        case INST_PUSH:
        -:  369:        case INST_POP:
        2:  370:            return encode_push_pop(ctx, inst);
call    0 returned 2
        -:  371:
       30:  372:        case INST_ADD:
        -:  373:        case INST_ADC:
        -:  374:        case INST_SUB:
        -:  375:        case INST_SBB:
        -:  376:        case INST_XOR:
        -:  377:        case INST_OR:
        -:  378:        case INST_AND:
        -:  379:        case INST_CMP:
       30:  380:            return encode_arithmetic(ctx, inst);
call    0 returned 30
        -:  381:
        2:  382:        case INST_INC:
        -:  383:        case INST_DEC:
        -:  384:        case INST_NEG:
        -:  385:        case INST_NOT:
        2:  386:            return encode_unary_arithmetic(ctx, inst);
call    0 returned 2
        -:  387:
    #####:  388:        case INST_LEA:
    #####:  389:            return encode_lea(ctx, inst);
call    0 never executed
        -:  390:
        4:  391:        case INST_JMP:
        4:  392:            return encode_jmp(ctx, inst);
call    0 returned 4
        -:  393:
        5:  394:        case INST_JA: case INST_JAE: case INST_JB: case INST_JBE:
        -:  395:        case INST_JE: case INST_JG: case INST_JGE: case INST_JL:
        -:  396:        case INST_JLE: case INST_JNE: case INST_JNZ: case INST_JNO:
        -:  397:        case INST_JNP: case INST_JNS: case INST_JO: case INST_JP:
        -:  398:        case INST_JS:
        5:  399:            return encode_jcc(ctx, inst);
call    0 returned 5
        -:  400:
      460:  401:        case INST_CALL:
        -:  402:        case INST_RET:
      460:  403:            return encode_call_ret(ctx, inst);
call    0 returned 460
        -:  404:
        1:  405:        case INST_INT:
        1:  406:            return encode_int(ctx, inst);
call    0 returned 1
        -:  407:
       30:  408:        case INST_SYSCALL:
       30:  409:            return encode_syscall(ctx, inst);
call    0 returned 30
        -:  410:
    #####:  411:        case INST_SYSRET:
    #####:  412:            return encode_sysret(ctx, inst);
call    0 never executed
        -:  413:
    #####:  414:        case INST_NOP:
    #####:  415:            return encode_nop(ctx, inst);
call    0 never executed
        -:  416:
    #####:  417:        case INST_HLT:
    #####:  418:            return encode_hlt(ctx, inst);
call    0 never executed
        -:  419:
        5:  420:        case INST_CWD:
        -:  421:        case INST_CQO:
        -:  422:        case INST_CDQ:
        5:  423:            return encode_cwd_cdq_cqo(ctx, inst);
call    0 returned 5
        -:  424:
        5:  425:        case INST_CBW:
        -:  426:        case INST_CWDE:
        -:  427:        case INST_CDQE:
        5:  428:            return encode_cbw_cwde_cdqe(ctx, inst);
call    0 returned 5
        -:  429:
    #####:  430:        case INST_CLC:
        -:  431:        case INST_STC:
        -:  432:        case INST_CMC:
    #####:  433:            return encode_clc_stc_cmc(ctx, inst);
call    0 never executed
        -:  434:
    #####:  435:        case INST_CLD:
        -:  436:        case INST_STD:
    #####:  437:            return encode_cld_std(ctx, inst);
call    0 never executed
        -:  438:
    #####:  439:        case INST_CLI:
        -:  440:        case INST_STI:
    #####:  441:            return encode_cli_sti(ctx, inst);
call    0 never executed
        -:  442:
        1:  443:        case INST_LEAVE:
        1:  444:            return encode_leave(ctx, inst);
call    0 returned 1
        -:  445:
        3:  446:        case INST_ENTER:
        3:  447:            return encode_enter(ctx, inst);
call    0 returned 3
        -:  448:
    #####:  449:        case INST_SETA: case INST_SETAE: case INST_SETB: case INST_SETBE:
        -:  450:        case INST_SETE: case INST_SETG: case INST_SETGE: case INST_SETL:
        -:  451:        case INST_SETLE: case INST_SETNE: case INST_SETNO: case INST_SETNP:
        -:  452:        case INST_SETNS: case INST_SETO: case INST_SETP: case INST_SETS:
    #####:  453:            return encode_setcc(ctx, inst);
call    0 never executed
        -:  454:
    #####:  455:        case INST_CMOVA: case INST_CMOVAE: case INST_CMOVB: case INST_CMOVBE:
        -:  456:        case INST_CMOVE: case INST_CMOVG: case INST_CMOVGE: case INST_CMOVL:
        -:  457:        case INST_CMOVLE: case INST_CMOVNE: case INST_CMOVNO: case INST_CMOVNP:
        -:  458:        case INST_CMOVNS: case INST_CMOVO: case INST_CMOVP: case INST_CMOVS:
    #####:  459:            return encode_cmov(ctx, inst);
call    0 never executed
        -:  460:
    #####:  461:        case INST_XCHG:
    #####:  462:            return encode_xchg(ctx, inst);
call    0 never executed
        -:  463:
        1:  464:        case INST_BSWAP:
        1:  465:            return encode_bswap(ctx, inst);
call    0 returned 1
        -:  466:
    #####:  467:        case INST_IMUL:
    #####:  468:            return encode_imul(ctx, inst);
call    0 never executed
        -:  469:
    #####:  470:        case INST_MUL:
        -:  471:        case INST_DIV:
        -:  472:        case INST_IDIV:
    #####:  473:            return encode_div_idiv_mul(ctx, inst);
call    0 never executed
        -:  474:
    #####:  475:        case INST_TEST:
    #####:  476:            return encode_test(ctx, inst);
call    0 never executed
        -:  477:
    #####:  478:        case INST_SHL: case INST_SHR: case INST_SAL: case INST_SAR:
        -:  479:        case INST_ROL: case INST_ROR: case INST_RCL: case INST_RCR:
    #####:  480:            return encode_shift(ctx, inst);
call    0 never executed
        -:  481:
    #####:  482:        case INST_SHLD: case INST_SHRD:
    #####:  483:            return encode_shld_shrd(ctx, inst);
call    0 never executed
        -:  484:
    #####:  485:        case INST_BT: case INST_BTS: case INST_BTR: case INST_BTC:
    #####:  486:            return encode_bit_manip(ctx, inst);
call    0 never executed
        -:  487:
    #####:  488:        case INST_BSF: case INST_BSR:
    #####:  489:            return encode_bit_scan(ctx, inst);
call    0 never executed
        -:  490:
    #####:  491:        case INST_MOVSB: case INST_MOVSW: case INST_MOVSD: case INST_MOVSQ:
    #####:  492:            return encode_string(ctx, inst);
call    0 never executed
        -:  493:
        -:  494:        /* SSE Move Instructions */
       19:  495:        case INST_MOVAPS: case INST_MOVUPS:
        -:  496:        case INST_MOVSS: case INST_MOVAPD:
        -:  497:        case INST_MOVUPD: case INST_MOVSD_XMM:
        -:  498:        case INST_MOVDQA: case INST_MOVDQU:
       19:  499:            return encode_sse_mov(ctx, inst);
call    0 returned 19
        -:  500:
        -:  501:        /* SSE Arithmetic Instructions */
        3:  502:        case INST_ADDSS: case INST_ADDPS: case INST_ADDSD: case INST_ADDPD:
        -:  503:        case INST_SUBSS: case INST_SUBPS: case INST_SUBSD: case INST_SUBPD:
        -:  504:        case INST_MULSS: case INST_MULPS: case INST_MULSD: case INST_MULPD:
        -:  505:        case INST_DIVSS: case INST_DIVPS: case INST_DIVSD: case INST_DIVPD:
        3:  506:            return encode_sse_arith(ctx, inst);
call    0 returned 3
        -:  507:
        -:  508:        /* SSE Packed Integer Instructions */
        4:  509:        case INST_PADDB: case INST_PADDW: case INST_PADDD: case INST_PADDQ:
        -:  510:        case INST_PSUBB: case INST_PSUBW: case INST_PSUBD: case INST_PSUBQ:
        4:  511:            return encode_sse_packed_arith(ctx, inst);
call    0 returned 4
        -:  512:
        6:  513:        case INST_PCMPEQB: case INST_PCMPEQW: case INST_PCMPEQD: case INST_PCMPEQQ:
        -:  514:        case INST_PCMPGTB: case INST_PCMPGTW: case INST_PCMPGTD: case INST_PCMPGTQ:
        6:  515:            return encode_sse_packed_cmp(ctx, inst);
call    0 returned 6
        -:  516:
       26:  517:        case INST_PAND: case INST_PANDNPD: case INST_POR: case INST_PXOR:
       26:  518:            return encode_sse_packed_logic(ctx, inst);
call    0 returned 26
        -:  519:
        -:  520:        case INST_DB:
        -:  521:        case INST_DW:
        -:  522:        case INST_DD:
        -:  523:        case INST_DQ:
        -:  524:            /* Data directives */
    #####:  525:            for (int i = 0; i < inst->operand_count; i++) {
branch  0 never executed
branch  1 never executed (fallthrough)
    #####:  526:                if (inst->operands[i].type == OPERAND_IMM) {
branch  0 never executed (fallthrough)
branch  1 never executed
    #####:  527:                    if (inst->type == INST_DB) {
branch  0 never executed (fallthrough)
branch  1 never executed
    #####:  528:                        emit_byte(ctx, (uint8_t)inst->operands[i].immediate);
call    0 never executed
    #####:  529:                    } else if (inst->type == INST_DW) {
branch  0 never executed (fallthrough)
branch  1 never executed
    #####:  530:                        uint16_t v = (uint16_t)inst->operands[i].immediate;
    #####:  531:                        emit_byte(ctx, v & 0xFF);
call    0 never executed
    #####:  532:                        emit_byte(ctx, (v >> 8) & 0xFF);
call    0 never executed
    #####:  533:                    } else if (inst->type == INST_DD) {
branch  0 never executed (fallthrough)
branch  1 never executed
    #####:  534:                        uint32_t v = (uint32_t)inst->operands[i].immediate;
    #####:  535:                        emit_byte(ctx, v & 0xFF);
call    0 never executed
    #####:  536:                        emit_byte(ctx, (v >> 8) & 0xFF);
call    0 never executed
    #####:  537:                        emit_byte(ctx, (v >> 16) & 0xFF);
call    0 never executed
    #####:  538:                        emit_byte(ctx, (v >> 24) & 0xFF);
call    0 never executed
        -:  539:                    } else {
    #####:  540:                        uint64_t v = (uint64_t)inst->operands[i].immediate;
    #####:  541:                        for (int j = 0; j < 8; j++) {
branch  0 never executed
branch  1 never executed (fallthrough)
    #####:  542:                            emit_byte(ctx, (v >> (j * 8)) & 0xFF);
call    0 never executed
        -:  543:                        }
        -:  544:                    }
        -:  545:                }
        -:  546:            }
        -:  547:            return 0;
        -:  548:
        -:  549:        case INST_GLOBAL:
        -:  550:            /* Mark symbols as global - handled in first pass */
        -:  551:            return 0;
        -:  552:
        -:  553:        case INST_EXTERN:
        -:  554:            /* External symbols - handled in first pass */
        -:  555:            return 0;
        -:  556:
    #####:  557:        case INST_SECTION:
        -:  558:            /* Section directive - change current section */
    #####:  559:            if (inst->operand_count > 0 && inst->operands[0].type == OPERAND_LABEL) {
branch  0 never executed
branch  1 never executed (fallthrough)
branch  2 never executed
branch  3 never executed (fallthrough)
    #####:  560:                if (strcmp(inst->operands[0].label, ".data") == 0 ||
branch  0 never executed (fallthrough)
branch  1 never executed
    #####:  561:                    strcmp(inst->operands[0].label, "data") == 0) {
branch  0 never executed (fallthrough)
branch  1 never executed
    #####:  562:                    ctx->current_section = 1;
        -:  563:                } else {
    #####:  564:                    ctx->current_section = 0;
        -:  565:                }
        -:  566:            }
        -:  567:            return 0;
        -:  568:
    #####:  569:        default:
    #####:  570:            fprintf(stderr, "Error: Unhandled instruction type %d at line %d\n",
    #####:  571:                    inst->type, inst->line_number);
    #####:  572:            return -1;
call    0 never executed
        -:  573:    }
        -:  574:}
        -:  575:
        -:  576:/* ============================================================================
        -:  577: * INSTRUCTION SIZE ESTIMATION
        -:  578: * ============================================================================ */
        -:  579:
function estimate_instruction_size called 1450 returned 100% blocks executed 61%
     1450:  580:static int estimate_instruction_size(const parsed_instruction_t *inst) {
        -:  581:    /* Most instructions are small, but we need reasonable estimates */
     1450:  582:    switch (inst->type) {
branch  0 taken 462
branch  1 taken 76
branch  2 taken 2
branch  3 taken 2
branch  4 taken 242
branch  5 taken 60
branch  6 taken 0
branch  7 taken 4
branch  8 taken 8
branch  9 taken 460
branch 10 taken 0
branch 11 taken 0
branch 12 taken 0
branch 13 taken 0
branch 14 taken 2
branch 15 taken 122
branch 16 taken 10
        -:  583:        /* Single byte instructions */
        -:  584:        case INST_NOP: return 1;
        -:  585:        case INST_RET: return 1;
        -:  586:        case INST_LEAVE: return 1;
        -:  587:        case INST_HLT: return 1;
        -:  588:        case INST_CLC: case INST_STC: case INST_CMC:
        -:  589:        case INST_CLD: case INST_STD:
        -:  590:        case INST_CLI: case INST_STI:
        -:  591:        case INST_CWD: case INST_CDQ: case INST_CQO:
        -:  592:        case INST_CBW: case INST_CWDE: case INST_CDQE:
        -:  593:            return 2; /* Usually 1-2 bytes with prefixes */
        -:  594:
        -:  595:        /* Syscall */
        -:  596:        case INST_INT: return 2;
        -:  597:        case INST_SYSCALL: return 2;
        -:  598:        case INST_SYSRET: return 2;
        -:  599:
        -:  600:        /* Push/pop register */
        2:  601:        case INST_PUSH:
        2:  602:            if (inst->operand_count == 1 && inst->operands[0].type == OPERAND_REG) {
branch  0 taken 2 (fallthrough)
branch  1 taken 0
branch  2 taken 2 (fallthrough)
branch  3 taken 0
        -:  603:                /* PUSH r64: 1 byte (or 2 with REX) */
        2:  604:                return (inst->operands[0].reg >= 8) ? 2 : 1;
branch  0 taken 2 (fallthrough)
branch  1 taken 0
        -:  605:            }
        -:  606:            return 5; /* PUSH imm32 */
        -:  607:
        2:  608:        case INST_POP:
        2:  609:            if (inst->operand_count == 1 && inst->operands[0].type == OPERAND_REG) {
branch  0 taken 0
branch  1 taken 2 (fallthrough)
branch  2 taken 0
branch  3 taken 2 (fallthrough)
        -:  610:                /* POP r64: 1 byte (or 2 with REX) */
        2:  611:                return (inst->operands[0].reg >= 8) ? 2 : 1;
branch  0 taken 2 (fallthrough)
branch  1 taken 0
        -:  612:            }
        -:  613:            return 1;
        -:  614:
        -:  615:        /* Moves - can be various sizes */
      242:  616:        case INST_MOV:
      242:  617:            if (inst->operand_count == 2) {
branch  0 taken 242 (fallthrough)
branch  1 taken 0
      242:  618:                const operand_t *dst = &inst->operands[0];
      242:  619:                const operand_t *src = &inst->operands[1];
        -:  620:
        -:  621:                /* mov reg, label - RIP-relative load (7 bytes: REX + opcode + modrm + disp32) */
      242:  622:                if (dst->type == OPERAND_REG && src->type == OPERAND_LABEL) {
branch  0 taken 212 (fallthrough)
branch  1 taken 30
branch  2 taken 212 (fallthrough)
branch  3 taken 0
        -:  623:                    return 7;
        -:  624:                }
        -:  625:
        -:  626:                /* mov r64, imm64: 10 bytes max */
      242:  627:                if (dst->type == OPERAND_REG && src->type == OPERAND_IMM) {
branch  0 taken 212 (fallthrough)
branch  1 taken 30
branch  2 taken 172 (fallthrough)
branch  3 taken 40
      172:  628:                    int64_t imm = src->immediate;
      172:  629:                    if (imm >= INT32_MIN && imm <= INT32_MAX) {
branch  0 taken 0 (fallthrough)
branch  1 taken 172
        -:  630:                        /* mov r/m64, imm32: REX + opcode + modrm + 4 bytes */
        -:  631:                        return 8;
        -:  632:                    }
    #####:  633:                    return 10; /* mov r64, imm64 */
        -:  634:                }
        -:  635:
        -:  636:                /* mov reg, reg: 3 bytes (REX + opcode + modrm) */
       70:  637:                if (dst->type == OPERAND_REG && src->type == OPERAND_REG) {
branch  0 taken 40 (fallthrough)
branch  1 taken 30
branch  2 taken 18 (fallthrough)
branch  3 taken 22
        -:  638:                    return 3;
        -:  639:                }
        -:  640:
        -:  641:                /* mov reg, mem or mem, reg: up to 9 bytes with SIB and displacement */
       48:  642:                if ((dst->type == OPERAND_REG && src->type == OPERAND_MEM) ||
branch  0 taken 18 (fallthrough)
branch  1 taken 30
branch  2 taken 0 (fallthrough)
branch  3 taken 18
branch  4 taken 30 (fallthrough)
branch  5 taken 0
       30:  643:                    (dst->type == OPERAND_MEM && src->type == OPERAND_REG)) {
branch  0 taken 0 (fallthrough)
branch  1 taken 30
        -:  644:                    return 9;
        -:  645:                }
        -:  646:
        -:  647:                /* mov mem, imm: REX + opcode + modrm + SIB + disp + 4 bytes imm */
    #####:  648:                if (dst->type == OPERAND_MEM && src->type == OPERAND_IMM) {
branch  0 never executed (fallthrough)
branch  1 never executed
branch  2 never executed (fallthrough)
branch  3 never executed
    #####:  649:                    return 13;
        -:  650:                }
        -:  651:            }
        -:  652:            return 10;
        -:  653:
        -:  654:        /* Arithmetic - similar to mov for reg, imm */
       60:  655:        case INST_ADD: case INST_SUB: case INST_AND: case INST_OR: case INST_XOR:
        -:  656:        case INST_CMP: case INST_ADC: case INST_SBB:
       60:  657:            if (inst->operand_count == 2) {
branch  0 taken 60 (fallthrough)
branch  1 taken 0
       60:  658:                const operand_t *dst = &inst->operands[0];
       60:  659:                const operand_t *src = &inst->operands[1];
        -:  660:
       60:  661:                if (dst->type == OPERAND_REG && src->type == OPERAND_IMM) {
branch  0 taken 60 (fallthrough)
branch  1 taken 0
branch  2 taken 56 (fallthrough)
branch  3 taken 4
       56:  662:                    int64_t imm = src->immediate;
        -:  663:                    /* imm8 form: 4 bytes, imm32 form: 7 bytes */
       56:  664:                    if (imm >= -128 && imm <= 127) {
branch  0 taken 46 (fallthrough)
branch  1 taken 10
        -:  665:                        return 4;
        -:  666:                    }
        -:  667:                    return 7;
        -:  668:                }
        -:  669:
        -:  670:                /* reg, reg or reg, mem: 3-9 bytes */
        4:  671:                if ((dst->type == OPERAND_REG && src->type == OPERAND_REG) ||
branch  0 taken 4 (fallthrough)
branch  1 taken 0
branch  2 taken 0 (fallthrough)
branch  3 taken 4
    #####:  672:                    (dst->type == OPERAND_REG && src->type == OPERAND_MEM) ||
branch  0 never executed (fallthrough)
branch  1 never executed
    #####:  673:                    (dst->type == OPERAND_MEM && src->type == OPERAND_REG)) {
branch  0 never executed (fallthrough)
branch  1 never executed
        -:  674:                    return 9;
        -:  675:                }
        -:  676:
        -:  677:                /* mem, imm: up to 14 bytes */
    #####:  678:                if (dst->type == OPERAND_MEM && src->type == OPERAND_IMM) {
branch  0 never executed (fallthrough)
branch  1 never executed
branch  2 never executed (fallthrough)
branch  3 never executed
    #####:  679:                    return 14;
        -:  680:                }
        -:  681:            }
        -:  682:            return 10;
        -:  683:
        -:  684:        /* Unary arithmetic */
        4:  685:        case INST_INC: case INST_DEC: case INST_NEG: case INST_NOT:
        4:  686:            if (inst->operand_count == 1) {
branch  0 taken 0
branch  1 taken 4 (fallthrough)
        4:  687:                if (inst->operands[0].type == OPERAND_REG) {
branch  0 taken 0 (fallthrough)
branch  1 taken 4
        -:  688:                    return 3; /* REX + opcode + modrm */
        -:  689:                }
    #####:  690:                if (inst->operands[0].type == OPERAND_MEM) {
branch  0 never executed
branch  1 never executed
        -:  691:                    return 9; /* With SIB and displacement */
        -:  692:                }
        -:  693:            }
        -:  694:            return 4;
        -:  695:
        -:  696:        /* Jumps and calls */
        8:  697:        case INST_JMP:
        8:  698:            if (inst->operand_count == 1 && inst->operands[0].type == OPERAND_LABEL) {
branch  0 taken 8 (fallthrough)
branch  1 taken 0
branch  2 taken 0 (fallthrough)
branch  3 taken 8
        -:  699:                return 5; /* Near jump E9 cd */
        -:  700:            }
    #####:  701:            if (inst->operand_count == 1 && inst->operands[0].type == OPERAND_REG) {
branch  0 never executed (fallthrough)
branch  1 never executed
branch  2 never executed
branch  3 never executed
        -:  702:                return 3; /* FF /4 with REX */
        -:  703:            }
        -:  704:            return 9; /* Memory indirect with SIB */
        -:  705:
      460:  706:        case INST_CALL:
      460:  707:            if (inst->operand_count == 1 && inst->operands[0].type == OPERAND_LABEL) {
branch  0 taken 460 (fallthrough)
branch  1 taken 0
branch  2 taken 0 (fallthrough)
branch  3 taken 460
        -:  708:                return 5; /* E8 cd */
        -:  709:            }
    #####:  710:            if (inst->operand_count == 1 && inst->operands[0].type == OPERAND_REG) {
branch  0 never executed (fallthrough)
branch  1 never executed
branch  2 never executed
branch  3 never executed
        -:  711:                return 3; /* FF /2 with REX */
        -:  712:            }
        -:  713:            return 9; /* Memory indirect */
        -:  714:
        -:  715:        /* Conditional jumps */
        -:  716:        case INST_JA: case INST_JAE: case INST_JB: case INST_JBE:
        -:  717:        case INST_JE: case INST_JG: case INST_JGE: case INST_JL:
        -:  718:        case INST_JLE: case INST_JNE: case INST_JNZ: case INST_JNO:
        -:  719:        case INST_JNP: case INST_JNS: case INST_JO: case INST_JP:
        -:  720:        case INST_JS:
        -:  721:            /* 0F 80+cc cd - 6 bytes for near jump */
        -:  722:            return 6;
        -:  723:
        -:  724:        /* LEA */
    #####:  725:        case INST_LEA:
    #####:  726:            if (inst->operand_count == 2 && inst->operands[1].type == OPERAND_MEM) {
branch  0 never executed (fallthrough)
branch  1 never executed
branch  2 never executed (fallthrough)
branch  3 never executed
        -:  727:                /* Check if RIP-relative addressing is used */
    #####:  728:                if (inst->operands[1].mem.is_rip_relative) {
branch  0 never executed
branch  1 never executed
        -:  729:                    return 7; /* REX + opcode + modrm + disp32 (no SIB for RIP-relative) */
        -:  730:                }
        -:  731:            }
        -:  732:            return 9; /* REX + opcode + modrm + SIB + disp32 */
        -:  733:
        -:  734:        /* XCHG */
    #####:  735:        case INST_XCHG:
    #####:  736:            if (inst->operand_count == 2 &&
branch  0 never executed (fallthrough)
branch  1 never executed
    #####:  737:                inst->operands[0].type == OPERAND_REG &&
branch  0 never executed (fallthrough)
branch  1 never executed
    #####:  738:                inst->operands[1].type == OPERAND_REG) {
branch  0 never executed
branch  1 never executed
        -:  739:                return 3;
        -:  740:            }
        -:  741:            return 9;
        -:  742:
        -:  743:        /* IMUL */
        -:  744:        case INST_IMUL:
        -:  745:            return 9;
        -:  746:
        -:  747:        /* MUL, DIV, IDIV */
    #####:  748:        case INST_MUL: case INST_DIV: case INST_IDIV:
    #####:  749:            if (inst->operand_count == 1) {
branch  0 never executed (fallthrough)
branch  1 never executed
    #####:  750:                if (inst->operands[0].type == OPERAND_REG) {
branch  0 never executed
branch  1 never executed
        -:  751:                    return 3;
        -:  752:                }
        -:  753:                if (inst->operands[0].type == OPERAND_MEM) {
        -:  754:                    return 9;
        -:  755:                }
        -:  756:            }
        -:  757:            return 9;
        -:  758:
        -:  759:        /* TEST */
        -:  760:        case INST_TEST:
        -:  761:            return 9;
        -:  762:
        -:  763:        /* Shifts */
    #####:  764:        case INST_SHL: case INST_SHR: case INST_SAL: case INST_SAR:
        -:  765:        case INST_ROL: case INST_ROR: case INST_RCL: case INST_RCR:
    #####:  766:            if (inst->operand_count == 2) {
branch  0 never executed (fallthrough)
branch  1 never executed
    #####:  767:                if (inst->operands[1].type == OPERAND_IMM) {
branch  0 never executed
branch  1 never executed (fallthrough)
        -:  768:                    return 4; /* REX + opcode + modrm + imm8 */
        -:  769:                }
    #####:  770:                if (inst->operands[1].type == OPERAND_REG &&
branch  0 never executed (fallthrough)
branch  1 never executed
    #####:  771:                    inst->operands[1].reg == 1) { /* CL register (lower 8-bit of RCX) */
branch  0 never executed (fallthrough)
branch  1 never executed
        -:  772:                    return 3; /* REX + opcode + modrm */
        -:  773:                }
        -:  774:            }
        -:  775:            return 9;
        -:  776:
        -:  777:        /* SETcc */
        -:  778:        case INST_SETA: case INST_SETAE: case INST_SETB: case INST_SETBE:
        -:  779:        case INST_SETE: case INST_SETG: case INST_SETGE: case INST_SETL:
        -:  780:        case INST_SETLE: case INST_SETNE: case INST_SETNO: case INST_SETNP:
        -:  781:        case INST_SETNS: case INST_SETO: case INST_SETP: case INST_SETS:
        -:  782:            return 4; /* REX + 0F 90+cc /r */
        -:  783:
        -:  784:        /* CMOVcc */
        -:  785:        case INST_CMOVA: case INST_CMOVAE: case INST_CMOVB: case INST_CMOVBE:
        -:  786:        case INST_CMOVE: case INST_CMOVG: case INST_CMOVGE: case INST_CMOVL:
        -:  787:        case INST_CMOVLE: case INST_CMOVNE: case INST_CMOVNO: case INST_CMOVNP:
        -:  788:        case INST_CMOVNS: case INST_CMOVO: case INST_CMOVP: case INST_CMOVS:
        -:  789:            return 9; /* REX + 0F 40+cc /r with possible SIB */
        -:  790:
        -:  791:        /* MOVSX/MOVZX */
        -:  792:        case INST_MOVSX: case INST_MOVZX:
        -:  793:            return 9;
        -:  794:
      122:  795:        default:
      122:  796:            return 15; /* Conservative default */
        -:  797:    }
        -:  798:}
        -:  799:
        -:  800:/* ============================================================================
        -:  801: * MAIN ASSEMBLY
        -:  802: * ============================================================================ */
        -:  803:
function asm_assemble called 35 returned 100% blocks executed 88%
       35:  804:int asm_assemble(assembler_context_t *ctx, const char *source) {
       35:  805:    int count = 0;
        -:  806:    /* Use context-aware parsing to enable macro support */
       35:  807:    parsed_instruction_t *insts = parse_source_with_context(ctx, source, &count);
call    0 returned 35
       35:  808:    if (!insts) {
branch  0 taken 1 (fallthrough)
branch  1 taken 34
        1:  809:        fprintf(stderr, "Error: Parsing failed\n");
        1:  810:        return -1;
call    0 returned 1
        -:  811:    }
        -:  812:
       34:  813:    ctx->current_address = ctx->base_address;
       34:  814:    ctx->line_map_count = 0;
        -:  815:
        -:  816:    /* First pass: collect labels and calculate addresses */
        -:  817:    /* We do two passes through the instructions - first for text, then for data */
        -:  818:    
        -:  819:    /* Pass 1a: Calculate text section size */
       34:  820:    uint64_t text_size = 0;
       34:  821:    ctx->current_section = 0;
     1102:  822:    for (int i = 0; i < count; i++) {
branch  0 taken 1068
branch  1 taken 34 (fallthrough)
     1068:  823:        parsed_instruction_t *inst = &insts[i];
        -:  824:
        -:  825:        /* Handle section directives */
     1068:  826:        if (inst->type == INST_SECTION) {
branch  0 taken 33 (fallthrough)
branch  1 taken 1035
       33:  827:            if (inst->operand_count > 0 && inst->operands[0].type == OPERAND_LABEL) {
branch  0 taken 33 (fallthrough)
branch  1 taken 0
branch  2 taken 33 (fallthrough)
branch  3 taken 0
       33:  828:                if (strcmp(inst->operands[0].label, ".data") == 0 ||
branch  0 taken 32 (fallthrough)
branch  1 taken 1
       32:  829:                    strcmp(inst->operands[0].label, "data") == 0) {
branch  0 taken 0 (fallthrough)
branch  1 taken 32
        1:  830:                    ctx->current_section = 1;
        -:  831:                } else {
       32:  832:                    ctx->current_section = 0;
        -:  833:                }
        -:  834:            }
       33:  835:            continue;
        -:  836:        }
        -:  837:
     1035:  838:        if (ctx->current_section == 0) {
branch  0 taken 1
branch  1 taken 1034 (fallthrough)
        -:  839:            /* Text section */
     1034:  840:            if (inst->type == INST_DB || inst->type == INST_DW ||
     1034:  841:                inst->type == INST_DD || inst->type == INST_DQ) {
branch  0 taken 0 (fallthrough)
branch  1 taken 1034
    #####:  842:                int size = (inst->type == INST_DB) ? 1 :
branch  0 never executed (fallthrough)
branch  1 never executed
        -:  843:                          (inst->type == INST_DW) ? 2 :
        -:  844:                          (inst->type == INST_DD) ? 4 : 8;
    #####:  845:                text_size += size * inst->operand_count;
     1034:  846:            } else if (inst->type != INST_GLOBAL && inst->type != INST_EXTERN &&
branch  0 taken 309
branch  1 taken 725 (fallthrough)
        -:  847:                       inst->type != INST_NOP) {
      725:  848:                text_size += estimate_instruction_size(inst);
        -:  849:            }
        -:  850:        }
        -:  851:    }
        -:  852:
        -:  853:    /* Data section starts right after text section (contiguous) */
       34:  854:    uint64_t data_address = ctx->base_address + text_size;
        -:  855:    
        -:  856:    /* Pass 1b: Record all label addresses */
       34:  857:    ctx->current_section = 0;
       34:  858:    ctx->current_address = ctx->base_address;
       34:  859:    uint64_t current_data_addr = data_address;
        -:  860:    
     1102:  861:    for (int i = 0; i < count; i++) {
branch  0 taken 1068
branch  1 taken 34 (fallthrough)
     1068:  862:        parsed_instruction_t *inst = &insts[i];
        -:  863:
        -:  864:        /* Handle section directives */
     1068:  865:        if (inst->type == INST_SECTION) {
branch  0 taken 33 (fallthrough)
branch  1 taken 1035
       33:  866:            if (inst->operand_count > 0 && inst->operands[0].type == OPERAND_LABEL) {
branch  0 taken 33 (fallthrough)
branch  1 taken 0
branch  2 taken 33 (fallthrough)
branch  3 taken 0
       33:  867:                if (strcmp(inst->operands[0].label, ".data") == 0 ||
branch  0 taken 32 (fallthrough)
branch  1 taken 1
       32:  868:                    strcmp(inst->operands[0].label, "data") == 0) {
branch  0 taken 0 (fallthrough)
branch  1 taken 32
        1:  869:                    ctx->current_section = 1;
        -:  870:                } else {
       32:  871:                    ctx->current_section = 0;
        -:  872:                }
        -:  873:            }
       33:  874:            continue;
        -:  875:        }
        -:  876:
        -:  877:        /* Record label with appropriate address */
     1035:  878:        if (inst->has_label) {
branch  0 taken 277 (fallthrough)
branch  1 taken 758
      277:  879:            uint64_t addr = (ctx->current_section == 0) ? ctx->current_address : current_data_addr;
branch  0 taken 276 (fallthrough)
branch  1 taken 1
      277:  880:            add_symbol(ctx, inst->label, addr, false, false, ctx->current_section);
    15266:  881:            for (int j = 0; j < ctx->symbol_count; j++) {
call    0 returned 277
branch  1 taken 15266
branch  2 taken 0 (fallthrough)
    15266:  882:                if (strcmp(ctx->symbols[j].name, inst->label) == 0) {
branch  0 taken 277 (fallthrough)
branch  1 taken 14989
      277:  883:                    if (ctx->symbols[j].decl_line == 0) {
branch  0 taken 277 (fallthrough)
branch  1 taken 0
      277:  884:                        ctx->symbols[j].decl_line = inst->line_number > 0 ? inst->line_number : 1;
      277:  885:                        ctx->symbols[j].decl_column = inst->label_column > 0 ? inst->label_column : 1;
      277:  886:                        if (ctx->current_section == 0 && strcmp(inst->label, "_start") == 0) {
branch  0 taken 276 (fallthrough)
branch  1 taken 1
branch  2 taken 33 (fallthrough)
branch  3 taken 243
       33:  887:                            ctx->symbols[j].is_function = true;
        -:  888:                        }
        -:  889:                    }
        -:  890:                    break;
        -:  891:                }
        -:  892:            }
        -:  893:        }
        -:  894:
        -:  895:        /* Calculate size based on instruction type and section */
     1035:  896:        if (inst->type == INST_DB || inst->type == INST_DW ||
     1035:  897:            inst->type == INST_DD || inst->type == INST_DQ) {
branch  0 taken 1 (fallthrough)
branch  1 taken 1034
        1:  898:            int size = (inst->type == INST_DB) ? 1 :
branch  0 taken 0 (fallthrough)
branch  1 taken 1
        -:  899:                      (inst->type == INST_DW) ? 2 :
        -:  900:                      (inst->type == INST_DD) ? 4 : 8;
        1:  901:            if (ctx->current_section == 0) {
branch  0 taken 0 (fallthrough)
branch  1 taken 1
    #####:  902:                ctx->current_address += size * inst->operand_count;
        -:  903:            } else {
        1:  904:                current_data_addr += size * inst->operand_count;
        -:  905:            }
     1034:  906:        } else if (inst->type != INST_GLOBAL && inst->type != INST_EXTERN &&
branch  0 taken 309
branch  1 taken 725 (fallthrough)
        -:  907:                   inst->type != INST_NOP) {
      725:  908:            if (ctx->current_section == 0) {
branch  0 taken 0
branch  1 taken 725 (fallthrough)
      725:  909:                ctx->current_address += estimate_instruction_size(inst);
        -:  910:            }
        -:  911:        }
        -:  912:    }
        -:  913:
        -:  914:    /* Second pass: generate text section code */
       34:  915:    ctx->current_address = ctx->base_address;
       34:  916:    ctx->current_section = 0;
       34:  917:    ctx->text_size = 0;
       34:  918:    ctx->fixup_count = 0;
        -:  919:
     1093:  920:    for (int i = 0; i < count; i++) {
branch  0 taken 1062
branch  1 taken 31 (fallthrough)
     1062:  921:        parsed_instruction_t *inst = &insts[i];
        -:  922:
        -:  923:        /* Handle section directives */
     1062:  924:        if (inst->type == INST_SECTION) {
branch  0 taken 33 (fallthrough)
branch  1 taken 1029
       33:  925:            if (inst->operand_count > 0 && inst->operands[0].type == OPERAND_LABEL) {
branch  0 taken 33 (fallthrough)
branch  1 taken 0
branch  2 taken 33 (fallthrough)
branch  3 taken 0
       33:  926:                if (strcmp(inst->operands[0].label, ".data") == 0 ||
branch  0 taken 32 (fallthrough)
branch  1 taken 1
       32:  927:                    strcmp(inst->operands[0].label, "data") == 0) {
branch  0 taken 0 (fallthrough)
branch  1 taken 32
        1:  928:                    ctx->current_section = 1;
        -:  929:                } else {
       32:  930:                    ctx->current_section = 0;
        -:  931:                }
        -:  932:            }
       33:  933:            continue;
        -:  934:        }
        -:  935:
        -:  936:        /* Skip data section in text pass */
     1029:  937:        if (ctx->current_section == 1) {
branch  0 taken 1 (fallthrough)
branch  1 taken 1028
        1:  938:            continue;
        -:  939:        }
        -:  940:
        -:  941:        /* Update label addresses */
     1028:  942:        if (inst->has_label) {
branch  0 taken 276
branch  1 taken 752
    30529:  943:            for (int j = 0; j < ctx->symbol_count; j++) {
branch  0 taken 30253
branch  1 taken 276 (fallthrough)
    30253:  944:                if (strcmp(ctx->symbols[j].name, inst->label) == 0) {
branch  0 taken 276 (fallthrough)
branch  1 taken 29977
      276:  945:                    ctx->symbols[j].address = ctx->current_address;
        -:  946:                    /* Keep hash table in sync for fixup resolution lookups. */
      276:  947:                    symbol_hash_update(ctx, inst->label, ctx->current_address,
      276:  948:                                       ctx->symbols[j].is_global,
      276:  949:                                       ctx->symbols[j].is_external,
call    0 returned 276
        -:  950:                                       ctx->symbols[j].section);
        -:  951:                }
        -:  952:            }
        -:  953:        }
        -:  954:
        -:  955:        /* Record address for this instruction */
     1028:  956:        inst->address = ctx->current_address;
        -:  957:
        -:  958:        /* Handle pseudo-instructions */
     1028:  959:        if (inst->type == INST_GLOBAL) {
branch  0 taken 33
branch  1 taken 995
       66:  960:            for (int j = 0; j < inst->operand_count; j++) {
branch  0 taken 33
branch  1 taken 33 (fallthrough)
       33:  961:                if (inst->operands[j].type == OPERAND_LABEL) {
branch  0 taken 33
branch  1 taken 0
      310:  962:                    for (int k = 0; k < ctx->symbol_count; k++) {
branch  0 taken 277
branch  1 taken 33 (fallthrough)
      277:  963:                        if (strcmp(ctx->symbols[k].name, inst->operands[j].label) == 0) {
branch  0 taken 33 (fallthrough)
branch  1 taken 244
       33:  964:                            ctx->symbols[k].is_global = true;
       33:  965:                            if (ctx->symbols[k].section == 0) {
branch  0 taken 33 (fallthrough)
branch  1 taken 0
       33:  966:                                ctx->symbols[k].is_function = true;
        -:  967:                            }
        -:  968:                        }
        -:  969:                    }
        -:  970:                }
        -:  971:            }
       33:  972:            continue;
        -:  973:        }
        -:  974:
      995:  975:        if (inst->type == INST_CALL && inst->operand_count > 0 &&
branch  0 taken 230 (fallthrough)
branch  1 taken 765
branch  2 taken 230 (fallthrough)
branch  3 taken 0
      230:  976:            inst->operands[0].type == OPERAND_LABEL) {
branch  0 taken 230
branch  1 taken 0
    15202:  977:            for (int k = 0; k < ctx->symbol_count; k++) {
branch  0 taken 15202
branch  1 taken 0 (fallthrough)
    15202:  978:                if (strcmp(ctx->symbols[k].name, inst->operands[0].label) == 0 &&
branch  0 taken 230 (fallthrough)
branch  1 taken 14972
      230:  979:                    ctx->symbols[k].section == 0) {
branch  0 taken 230 (fallthrough)
branch  1 taken 0
      230:  980:                    ctx->symbols[k].is_function = true;
      230:  981:                    break;
        -:  982:                }
        -:  983:            }
        -:  984:        }
        -:  985:
     995*:  986:        if (inst->type == INST_EXTERN) {
branch  0 taken 0
branch  1 taken 995
    #####:  987:            for (int j = 0; j < inst->operand_count; j++) {
branch  0 never executed
branch  1 never executed (fallthrough)
    #####:  988:                if (inst->operands[j].type == OPERAND_LABEL) {
branch  0 never executed (fallthrough)
branch  1 never executed
    #####:  989:                    add_symbol(ctx, inst->operands[j].label, 0, false, true, 0);
call    0 never executed
        -:  990:                }
        -:  991:            }
    #####:  992:            continue;
        -:  993:        }
        -:  994:
      995:  995:        if (inst->type == INST_NOP && inst->operand_count == 0 && inst->has_label) {
branch  0 taken 276 (fallthrough)
branch  1 taken 719
branch  2 taken 276 (fallthrough)
branch  3 taken 0
branch  4 taken 276 (fallthrough)
branch  5 taken 0
        -:  996:            /* Label-only line - skip encoding but don't advance address */
      276:  997:            continue;
        -:  998:        }
        -:  999:
      719: 1000:        if (ctx->line_map_count < MAX_LINE_MAP) {
branch  0 taken 719 (fallthrough)
branch  1 taken 0
      719: 1001:            ctx->line_map[ctx->line_map_count].address = inst->address;
      719: 1002:            ctx->line_map[ctx->line_map_count].line = inst->line_number > 0 ? inst->line_number : 1;
      719: 1003:            ctx->line_map_count++;
        -: 1004:        }
        -: 1005:
        -: 1006:        /* Encode instruction */
      719: 1007:        if (encode_instruction(ctx, inst) < 0) {
call    0 returned 719
branch  1 taken 3 (fallthrough)
branch  2 taken 716
        3: 1008:            fprintf(stderr, "Error: Failed to encode instruction at line %d\n", inst->line_number);
call    0 returned 3
        3: 1009:            free_instructions(insts);
        3: 1010:            return -1;
call    0 returned 3
        -: 1011:        }
        -: 1012:    }
        -: 1013:
        -: 1014:    /* Third pass: generate data section */
       31: 1015:    ctx->current_section = 0;
       31: 1016:    ctx->data_size = 0;
        -: 1017:    /* Data section starts right after text section */
       31: 1018:    ctx->current_address = ctx->base_address + ctx->text_size;
        -: 1019:    
     1081: 1020:    for (int i = 0; i < count; i++) {
branch  0 taken 1050
branch  1 taken 31 (fallthrough)
     1050: 1021:        parsed_instruction_t *inst = &insts[i];
        -: 1022:
        -: 1023:        /* Handle section directives */
     1050: 1024:        if (inst->type == INST_SECTION) {
branch  0 taken 30 (fallthrough)
branch  1 taken 1020
       30: 1025:            if (inst->operand_count > 0 && inst->operands[0].type == OPERAND_LABEL) {
branch  0 taken 30 (fallthrough)
branch  1 taken 0
branch  2 taken 30 (fallthrough)
branch  3 taken 0
       30: 1026:                if (strcmp(inst->operands[0].label, ".data") == 0 ||
branch  0 taken 29 (fallthrough)
branch  1 taken 1
       29: 1027:                    strcmp(inst->operands[0].label, "data") == 0) {
branch  0 taken 0 (fallthrough)
branch  1 taken 29
        1: 1028:                    ctx->current_section = 1;
        -: 1029:                } else {
       29: 1030:                    ctx->current_section = 0;
        -: 1031:                }
        -: 1032:            }
       30: 1033:            continue;
        -: 1034:        }
        -: 1035:
        -: 1036:        /* Only process data section */
     1020: 1037:        if (ctx->current_section == 0) {
branch  0 taken 1019 (fallthrough)
branch  1 taken 1
     1019: 1038:            continue;
        -: 1039:        }
        -: 1040:
        -: 1041:        /* Update label addresses for data labels only. */
        1: 1042:        if (inst->has_label) {
branch  0 taken 1
branch  1 taken 0
        3: 1043:            for (int j = 0; j < ctx->symbol_count; j++) {
branch  0 taken 2
branch  1 taken 1 (fallthrough)
        2: 1044:                if (strcmp(ctx->symbols[j].name, inst->label) == 0) {
branch  0 taken 1 (fallthrough)
branch  1 taken 1
        1: 1045:                    ctx->symbols[j].address = ctx->current_address;
        1: 1046:                    symbol_hash_update(ctx, inst->label, ctx->current_address,
        1: 1047:                                       ctx->symbols[j].is_global,
        1: 1048:                                       ctx->symbols[j].is_external,
call    0 returned 1
        -: 1049:                                       ctx->symbols[j].section);
        -: 1050:                }
        -: 1051:            }
        -: 1052:        }
        -: 1053:
        -: 1054:        /* Encode data directive */
        1: 1055:        if (inst->type == INST_DB || inst->type == INST_DW ||
        1: 1056:            inst->type == INST_DD || inst->type == INST_DQ) {
branch  0 taken 1
branch  1 taken 0
        2: 1057:            for (int j = 0; j < inst->operand_count; j++) {
branch  0 taken 1
branch  1 taken 1 (fallthrough)
        1: 1058:                if (inst->operands[j].type == OPERAND_IMM) {
branch  0 taken 1 (fallthrough)
branch  1 taken 0
        1: 1059:                    if (inst->type == INST_DB) {
branch  0 taken 0 (fallthrough)
branch  1 taken 1
    #####: 1060:                        emit_byte(ctx, (uint8_t)inst->operands[j].immediate);
call    0 never executed
        1: 1061:                    } else if (inst->type == INST_DW) {
branch  0 taken 0 (fallthrough)
branch  1 taken 1
    #####: 1062:                        uint16_t v = (uint16_t)inst->operands[j].immediate;
    #####: 1063:                        emit_byte(ctx, v & 0xFF);
call    0 never executed
    #####: 1064:                        emit_byte(ctx, (v >> 8) & 0xFF);
call    0 never executed
        1: 1065:                    } else if (inst->type == INST_DD) {
branch  0 taken 0 (fallthrough)
branch  1 taken 1
    #####: 1066:                        uint32_t v = (uint32_t)inst->operands[j].immediate;
    #####: 1067:                        emit_byte(ctx, v & 0xFF);
call    0 never executed
    #####: 1068:                        emit_byte(ctx, (v >> 8) & 0xFF);
call    0 never executed
    #####: 1069:                        emit_byte(ctx, (v >> 16) & 0xFF);
call    0 never executed
    #####: 1070:                        emit_byte(ctx, (v >> 24) & 0xFF);
call    0 never executed
        -: 1071:                    } else {
        1: 1072:                        uint64_t v = (uint64_t)inst->operands[j].immediate;
        9: 1073:                        for (int k = 0; k < 8; k++) {
branch  0 taken 8
branch  1 taken 1 (fallthrough)
        8: 1074:                            emit_byte(ctx, (v >> (k * 8)) & 0xFF);
call    0 returned 8
        -: 1075:                        }
        -: 1076:                    }
        -: 1077:                }
        -: 1078:            }
        -: 1079:        }
        -: 1080:    }
        -: 1081:
        -: 1082:    /* Fourth pass: resolve fixups */
       31: 1083:    if (resolve_fixups(ctx) < 0) {
call    0 returned 31
branch  1 taken 0 (fallthrough)
branch  2 taken 31
    #####: 1084:        free_instructions(insts);
    #####: 1085:        return -1;
call    0 never executed
        -: 1086:    }
        -: 1087:
       31: 1088:    free_instructions(insts);
       31: 1089:    return 0;
call    0 returned 31
        -: 1090:}
        -: 1091:
function asm_assemble_file called 30 returned 100% blocks executed 69%
       30: 1092:int asm_assemble_file(assembler_context_t *ctx, const char *filename) {
       30: 1093:    FILE *f = fopen(filename, "r");
call    0 returned 30
       30: 1094:    if (!f) {
branch  0 taken 0 (fallthrough)
branch  1 taken 30
    #####: 1095:        fprintf(stderr, "Error: Cannot open file '%s'\n", filename);
    #####: 1096:        return -1;
call    0 never executed
        -: 1097:    }
        -: 1098:
       30: 1099:    fseek(f, 0, SEEK_END);
call    0 returned 30
       30: 1100:    long size = ftell(f);
call    0 returned 30
       30: 1101:    fseek(f, 0, SEEK_SET);
call    0 returned 30
        -: 1102:
       30: 1103:    char *source = malloc(size + 1);
       30: 1104:    if (!source) {
branch  0 taken 0 (fallthrough)
branch  1 taken 30
    #####: 1105:        fclose(f);
    #####: 1106:        return -1;
call    0 never executed
        -: 1107:    }
        -: 1108:
       30: 1109:    fread(source, 1, size, f);
call    0 returned 30
       30: 1110:    source[size] = '\0';
       30: 1111:    fclose(f);
call    0 returned 30
        -: 1112:
       30: 1113:    strncpy(ctx->current_filename, filename, MAX_FILEPATH_LENGTH - 1);
       30: 1114:    ctx->current_filename[MAX_FILEPATH_LENGTH - 1] = '\0';
        -: 1115:
       30: 1116:    int result = asm_assemble(ctx, source);
call    0 returned 30
       30: 1117:    free(source);
       30: 1118:    return result;
        -: 1119:}
        -: 1120:
        -: 1121:/* ============================================================================
        -: 1122: * OUTPUT FORMATS
        -: 1123: * ============================================================================ */
        -: 1124:
        -: 1125:typedef struct {
        -: 1126:    uint8_t e_ident[16];
        -: 1127:    uint16_t e_type;
        -: 1128:    uint16_t e_machine;
        -: 1129:    uint32_t e_version;
        -: 1130:    uint64_t e_entry;
        -: 1131:    uint64_t e_phoff;
        -: 1132:    uint64_t e_shoff;
        -: 1133:    uint32_t e_flags;
        -: 1134:    uint16_t e_ehsize;
        -: 1135:    uint16_t e_phentsize;
        -: 1136:    uint16_t e_phnum;
        -: 1137:    uint16_t e_shentsize;
        -: 1138:    uint16_t e_shnum;
        -: 1139:    uint16_t e_shstrndx;
        -: 1140:} Elf64_Ehdr;
        -: 1141:
        -: 1142:typedef struct {
        -: 1143:    uint32_t p_type;
        -: 1144:    uint32_t p_flags;
        -: 1145:    uint64_t p_offset;
        -: 1146:    uint64_t p_vaddr;
        -: 1147:    uint64_t p_paddr;
        -: 1148:    uint64_t p_filesz;
        -: 1149:    uint64_t p_memsz;
        -: 1150:    uint64_t p_align;
        -: 1151:} Elf64_Phdr;
        -: 1152:
        -: 1153:typedef struct {
        -: 1154:    uint32_t sh_name;
        -: 1155:    uint32_t sh_type;
        -: 1156:    uint64_t sh_flags;
        -: 1157:    uint64_t sh_addr;
        -: 1158:    uint64_t sh_offset;
        -: 1159:    uint64_t sh_size;
        -: 1160:    uint32_t sh_link;
        -: 1161:    uint32_t sh_info;
        -: 1162:    uint64_t sh_addralign;
        -: 1163:    uint64_t sh_entsize;
        -: 1164:} Elf64_Shdr;
        -: 1165:
        -: 1166:#define SHT_NULL        0
        -: 1167:#define SHT_PROGBITS    1
        -: 1168:#define SHT_STRTAB      3
        -: 1169:
        -: 1170:#define SHF_WRITE       0x1
        -: 1171:#define SHF_ALLOC       0x2
        -: 1172:#define SHF_EXECINSTR   0x4
        -: 1173:
        6: 1174:static size_t align_up(size_t value, size_t align) {
        6: 1175:    if (align == 0) return value;
        6: 1176:    return (value + align - 1) & ~(align - 1);
        -: 1177:}
        -: 1178:
     2099: 1179:static bool append_u8_checked(uint8_t *buf, size_t *len, size_t capacity, uint8_t value) {
     2099: 1180:    if (*len + 1 > capacity) return false;
     2099: 1181:    buf[(*len)++] = value;
      156: 1182:    return true;
        -: 1183:}
        -: 1184:
       18: 1185:static bool append_le16_buf_checked(uint8_t *buf, size_t *len, size_t capacity, uint16_t value) {
       18: 1186:    if (*len + 2 > capacity) return false;
       18: 1187:    buf[(*len)++] = (uint8_t)(value & 0xFF);
       18: 1188:    buf[(*len)++] = (uint8_t)((value >> 8) & 0xFF);
       18: 1189:    return true;
        -: 1190:}
        -: 1191:
function append_le32_buf_checked called 218 returned 100% blocks executed 100%
      218: 1192:static bool append_le32_buf_checked(uint8_t *buf, size_t *len, size_t capacity, uint32_t value) {
      218: 1193:    if (*len + 4 > capacity) return false;
branch  0 taken 218 (fallthrough)
branch  1 taken 0
      218: 1194:    buf[(*len)++] = (uint8_t)(value & 0xFF);
      218: 1195:    buf[(*len)++] = (uint8_t)((value >> 8) & 0xFF);
      218: 1196:    buf[(*len)++] = (uint8_t)((value >> 16) & 0xFF);
      218: 1197:    buf[(*len)++] = (uint8_t)((value >> 24) & 0xFF);
      218: 1198:    return true;
        -: 1199:}
        -: 1200:
function append_le64_buf_checked called 318 returned 100% blocks executed 100%
      318: 1201:static bool append_le64_buf_checked(uint8_t *buf, size_t *len, size_t capacity, uint64_t value) {
      318: 1202:    if (*len + 8 > capacity) return false;
branch  0 taken 318
branch  1 taken 0
     2862: 1203:    for (int i = 0; i < 8; i++) {
branch  0 taken 2544
branch  1 taken 318 (fallthrough)
     2544: 1204:        buf[(*len)++] = (uint8_t)((value >> (8 * i)) & 0xFF);
        -: 1205:    }
        -: 1206:    return true;
        -: 1207:}
        -: 1208:
function write_le32_at_checked called 18 returned 100% blocks executed 100%
       18: 1209:static bool write_le32_at_checked(uint8_t *buf, size_t offset, size_t capacity, uint32_t value) {
       18: 1210:    if (offset + 4 > capacity) return false;
branch  0 taken 18 (fallthrough)
branch  1 taken 0
       18: 1211:    buf[offset + 0] = (uint8_t)(value & 0xFF);
       18: 1212:    buf[offset + 1] = (uint8_t)((value >> 8) & 0xFF);
       18: 1213:    buf[offset + 2] = (uint8_t)((value >> 16) & 0xFF);
       18: 1214:    buf[offset + 3] = (uint8_t)((value >> 24) & 0xFF);
       18: 1215:    return true;
        -: 1216:}
        -: 1217:
function append_uleb128_checked called 908 returned 100% blocks executed 100%
      908: 1218:static bool append_uleb128_checked(uint8_t *buf, size_t *len, size_t capacity, uint32_t value) {
      943: 1219:    do {
      943: 1220:        uint8_t byte = (uint8_t)(value & 0x7F);
      943: 1221:        value >>= 7;
      943: 1222:        if (value != 0) byte |= 0x80;
branch  0 taken 35 (fallthrough)
branch  1 taken 908
      943: 1223:        if (!append_u8_checked(buf, len, capacity, byte)) return false;
branch  0 taken 943 (fallthrough)
branch  1 taken 0
      943: 1224:    } while (value != 0);
branch  0 taken 35
branch  1 taken 908 (fallthrough)
        -: 1225:    return true;
        -: 1226:}
        -: 1227:
function append_sleb128_checked called 156 returned 100% blocks executed 78%
      156: 1228:static bool append_sleb128_checked(uint8_t *buf, size_t *len, size_t capacity, int32_t value) {
      156: 1229:    bool more = true;
      312: 1230:    while (more) {
branch  0 taken 156
branch  1 taken 156 (fallthrough)
      156: 1231:        uint8_t byte = (uint8_t)(value & 0x7F);
[...]
branch  1 taken 0
     156*: 1632:                DW_APPEND_U8(debug_line, &debug_line_size, 3);    /* DW_LNS_advance_line */
branch  0 taken 156 (fallthrough)
branch  1 taken 0
     156*: 1633:                DW_APPEND_SLEB(debug_line, &debug_line_size, target_line - last_line);
call    0 returned 156
branch  1 taken 0
branch  2 taken 156
        -: 1634:                last_line = target_line;
        -: 1635:            }
        -: 1636:
     156*: 1637:            DW_APPEND_U8(debug_line, &debug_line_size, 1);        /* DW_LNS_copy */
branch  0 taken 156 (fallthrough)
branch  1 taken 0
        -: 1638:        }
        -: 1639:
        6: 1640:        if (last_addr < ctx->base_address + ctx->text_size) {
branch  0 taken 6 (fallthrough)
branch  1 taken 0
       6*: 1641:            DW_APPEND_U8(debug_line, &debug_line_size, 2);        /* DW_LNS_advance_pc */
branch  0 taken 6 (fallthrough)
branch  1 taken 0
       6*: 1642:            DW_APPEND_ULEB(debug_line, &debug_line_size,
call    0 returned 6
branch  1 taken 0
branch  2 taken 6
        -: 1643:                           (uint32_t)((ctx->base_address + ctx->text_size) - last_addr));
       6*: 1644:            DW_APPEND_U8(debug_line, &debug_line_size, 1);        /* DW_LNS_copy */
branch  0 taken 6 (fallthrough)
branch  1 taken 0
        -: 1645:        }
        -: 1646:
       6*: 1647:        DW_APPEND_U8(debug_line, &debug_line_size, 0);            /* extended opcode */
branch  0 taken 6 (fallthrough)
branch  1 taken 0
       6*: 1648:        DW_APPEND_U8(debug_line, &debug_line_size, 1);            /* payload length */
branch  0 taken 6
branch  1 taken 0
       6*: 1649:        DW_APPEND_U8(debug_line, &debug_line_size, 1);            /* DW_LNE_end_sequence */
branch  0 taken 6
branch  1 taken 0
       6*: 1650:        DW_WRITE_LE32_AT(debug_line, line_len_off, (uint32_t)(debug_line_size - 4));
call    0 returned 6
branch  1 taken 0
branch  2 taken 6
        -: 1651:    }
        -: 1652:
        -: 1653:#undef DW_APPEND_U8
        -: 1654:#undef DW_APPEND_LE16
        -: 1655:#undef DW_APPEND_LE32
        -: 1656:#undef DW_APPEND_LE64
        -: 1657:#undef DW_APPEND_ULEB
        -: 1658:#undef DW_APPEND_SLEB
        -: 1659:#undef DW_WRITE_LE32_AT
        -: 1660:#undef DW_APPEND_BYTES
        -: 1661:
        -: 1662:    /* ELF header */
       29: 1663:    Elf64_Ehdr ehdr = {0};
       29: 1664:    ehdr.e_ident[0] = ELFMAG0;
       29: 1665:    ehdr.e_ident[1] = ELFMAG1;
       29: 1666:    ehdr.e_ident[2] = ELFMAG2;
       29: 1667:    ehdr.e_ident[3] = ELFMAG3;
       29: 1668:    ehdr.e_ident[4] = ELFCLASS64;
       29: 1669:    ehdr.e_ident[5] = ELFDATA2LSB;
       29: 1670:    ehdr.e_ident[6] = EV_CURRENT;
       29: 1671:    ehdr.e_ident[7] = 0; /* OS/ABI */
       29: 1672:    ehdr.e_type = ET_EXEC;
       29: 1673:    ehdr.e_machine = EM_X86_64;
       29: 1674:    ehdr.e_version = 1;
        -: 1675:
        -: 1676:    /* Find entry point (_start) */
       29: 1677:    uint64_t entry = ctx->base_address;
       31: 1678:    for (int i = 0; i < ctx->symbol_count; i++) {
branch  0 taken 31
branch  1 taken 0 (fallthrough)
       31: 1679:        if (strcmp(ctx->symbols[i].name, "_start") == 0) {
branch  0 taken 29 (fallthrough)
branch  1 taken 2
       29: 1680:            entry = ctx->symbols[i].address;
       29: 1681:            break;
        -: 1682:        }
        -: 1683:    }
        -: 1684:
       29: 1685:    ehdr.e_entry = entry;
       29: 1686:    ehdr.e_phoff = sizeof(Elf64_Ehdr);
       29: 1687:    ehdr.e_shoff = 0;
       29: 1688:    ehdr.e_flags = 0;
       29: 1689:    ehdr.e_ehsize = sizeof(Elf64_Ehdr);
       29: 1690:    ehdr.e_phentsize = sizeof(Elf64_Phdr);
       29: 1691:    ehdr.e_phnum = 1;
       29: 1692:    ehdr.e_shentsize = 0;
       29: 1693:    ehdr.e_shnum = 0;
       29: 1694:    ehdr.e_shstrndx = 0;
        -: 1695:
        -: 1696:    /* Program header - single segment for both text and data at base_address */
       29: 1697:    size_t total_size = ctx->text_size + ctx->data_size;
       29: 1698:    size_t total_aligned = (total_size + pagesize - 1) & ~(pagesize - 1);
        -: 1699:    
       29: 1700:    Elf64_Phdr phdr = {0};
       29: 1701:    phdr.p_type = PT_LOAD;
       29: 1702:    phdr.p_flags = PF_X | PF_R | PF_W;  /* Executable, readable, writable */
       29: 1703:    phdr.p_offset = code_offset;
       29: 1704:    phdr.p_vaddr = ctx->base_address;
       29: 1705:    phdr.p_paddr = ctx->base_address;
       29: 1706:    phdr.p_filesz = total_size;
       29: 1707:    phdr.p_memsz = total_aligned;
       29: 1708:    phdr.p_align = pagesize;
        -: 1709:
       29: 1710:    const char shstrtab[] = "\0.text\0.data\0.shstrtab\0.debug_info\0.debug_abbrev\0.debug_line\0.debug_str\0";
       29: 1711:    const uint32_t sh_name_text = 1;
       29: 1712:    const uint32_t sh_name_data = 7;
       29: 1713:    const uint32_t sh_name_shstrtab = 13;
       29: 1714:    const uint32_t sh_name_debug_info = 23;
       29: 1715:    const uint32_t sh_name_debug_abbrev = 35;
       29: 1716:    const uint32_t sh_name_debug_line = 49;
       29: 1717:    const uint32_t sh_name_debug_str = 61;
       29: 1718:    const size_t shstrtab_size = sizeof(shstrtab);
        -: 1719:
       29: 1720:    size_t debug_info_offset = 0;
       29: 1721:    size_t debug_abbrev_offset = 0;
       29: 1722:    size_t debug_line_offset = 0;
       29: 1723:    size_t debug_str_offset = 0;
       29: 1724:    size_t shstrtab_offset = 0;
       29: 1725:    size_t shoff = 0;
        -: 1726:
       29: 1727:    if (emit_dwarf) {
branch  0 taken 6 (fallthrough)
branch  1 taken 23
        6: 1728:        size_t cursor = code_offset + total_aligned;
        6: 1729:        debug_info_offset = cursor;
        6: 1730:        cursor += debug_info_size;
        6: 1731:        debug_abbrev_offset = cursor;
        6: 1732:        cursor += debug_abbrev_size;
        6: 1733:        debug_line_offset = cursor;
        6: 1734:        cursor += debug_line_size;
        6: 1735:        debug_str_offset = cursor;
        6: 1736:        cursor += debug_str_size;
        6: 1737:        shstrtab_offset = cursor;
        6: 1738:        cursor += shstrtab_size;
        6: 1739:        shoff = align_up(cursor, 8);
        -: 1740:
        6: 1741:        ehdr.e_shoff = shoff;
        6: 1742:        ehdr.e_shentsize = sizeof(Elf64_Shdr);
        6: 1743:        ehdr.e_shnum = 8;
        6: 1744:        ehdr.e_shstrndx = 3;
        -: 1745:    }
        -: 1746:
       29: 1747:    fwrite(&ehdr, sizeof(ehdr), 1, f);
call    0 returned 29
       29: 1748:    fwrite(&phdr, sizeof(phdr), 1, f);
        -: 1749:
        -: 1750:    /* Pad to code offset */
       29: 1751:    size_t header_size = sizeof(Elf64_Ehdr) + sizeof(Elf64_Phdr);
   115333: 1752:    for (size_t i = header_size; i < code_offset; i++) {
call    0 returned 29
branch  1 taken 115304
branch  2 taken 29 (fallthrough)
   115304: 1753:        fputc(0, f);
call    0 returned 115304
        -: 1754:    }
        -: 1755:
        -: 1756:    /* Write text section followed immediately by data section */
       29: 1757:    fwrite(ctx->text_section, 1, ctx->text_size, f);
call    0 returned 29
        -: 1758:    
       29: 1759:    if (ctx->data_size > 0) {
branch  0 taken 1 (fallthrough)
branch  1 taken 28
        1: 1760:        fwrite(ctx->data_section, 1, ctx->data_size, f);
call    0 returned 1
        -: 1761:    }
        -: 1762:
        -: 1763:    /* Pad to page boundary */
       29: 1764:    size_t padding = total_aligned - total_size;
   117098: 1765:    for (size_t i = 0; i < padding; i++) {
branch  0 taken 117069
branch  1 taken 29 (fallthrough)
   117069: 1766:        fputc(0, f);
call    0 returned 117069
        -: 1767:    }
        -: 1768:
       29: 1769:    if (emit_dwarf) {
branch  0 taken 6 (fallthrough)
branch  1 taken 23
        6: 1770:        fwrite(debug_info, 1, debug_info_size, f);
call    0 returned 6
        6: 1771:        fwrite(debug_abbrev, 1, debug_abbrev_size, f);
call    0 returned 6
        6: 1772:        fwrite(debug_line, 1, debug_line_size, f);
call    0 returned 6
        6: 1773:        fwrite(debug_str, 1, debug_str_size, f);
call    0 returned 6
        6: 1774:        fwrite(shstrtab, 1, shstrtab_size, f);
call    0 returned 6
        -: 1775:
        6: 1776:        size_t current = code_offset + total_aligned +
        6: 1777:                        debug_info_size + debug_abbrev_size +
        6: 1778:                        debug_line_size + debug_str_size + shstrtab_size;
       29: 1779:        while (current < shoff) {
branch  0 taken 23
branch  1 taken 6 (fallthrough)
       23: 1780:            fputc(0, f);
call    0 returned 23
       23: 1781:            current++;
        -: 1782:        }
        -: 1783:
        6: 1784:        Elf64_Shdr shdrs[8];
        6: 1785:        memset(shdrs, 0, sizeof(shdrs));
        -: 1786:
        6: 1787:        shdrs[1].sh_name = sh_name_text;
        6: 1788:        shdrs[1].sh_type = SHT_PROGBITS;
        6: 1789:        shdrs[1].sh_flags = SHF_ALLOC | SHF_EXECINSTR;
        6: 1790:        shdrs[1].sh_addr = ctx->base_address;
        6: 1791:        shdrs[1].sh_offset = code_offset;
        6: 1792:        shdrs[1].sh_size = ctx->text_size;
        6: 1793:        shdrs[1].sh_addralign = 16;
        -: 1794:
        6: 1795:        shdrs[2].sh_name = sh_name_data;
        6: 1796:        shdrs[2].sh_type = SHT_PROGBITS;
        6: 1797:        shdrs[2].sh_flags = SHF_ALLOC | SHF_WRITE;
        6: 1798:        shdrs[2].sh_addr = ctx->base_address + ctx->text_size;
        6: 1799:        shdrs[2].sh_offset = code_offset + ctx->text_size;
        6: 1800:        shdrs[2].sh_size = ctx->data_size;
        6: 1801:        shdrs[2].sh_addralign = 8;
        -: 1802:
        6: 1803:        shdrs[3].sh_name = sh_name_shstrtab;
        6: 1804:        shdrs[3].sh_type = SHT_STRTAB;
        6: 1805:        shdrs[3].sh_offset = shstrtab_offset;
        6: 1806:        shdrs[3].sh_size = shstrtab_size;
        6: 1807:        shdrs[3].sh_addralign = 1;
        -: 1808:
        6: 1809:        shdrs[4].sh_name = sh_name_debug_info;
        6: 1810:        shdrs[4].sh_type = SHT_PROGBITS;
        6: 1811:        shdrs[4].sh_offset = debug_info_offset;
        6: 1812:        shdrs[4].sh_size = debug_info_size;
        6: 1813:        shdrs[4].sh_link = 7; /* .debug_str */
        6: 1814:        shdrs[4].sh_info = 0;
        6: 1815:        shdrs[4].sh_addralign = 1;
        -: 1816:
        6: 1817:        shdrs[5].sh_name = sh_name_debug_abbrev;
        6: 1818:        shdrs[5].sh_type = SHT_PROGBITS;
        6: 1819:        shdrs[5].sh_offset = debug_abbrev_offset;
        6: 1820:        shdrs[5].sh_size = debug_abbrev_size;
        6: 1821:        shdrs[5].sh_addralign = 1;
        -: 1822:
        6: 1823:        shdrs[6].sh_name = sh_name_debug_line;
        6: 1824:        shdrs[6].sh_type = SHT_PROGBITS;
        6: 1825:        shdrs[6].sh_offset = debug_line_offset;
        6: 1826:        shdrs[6].sh_size = debug_line_size;
        6: 1827:        shdrs[6].sh_addralign = 1;
        -: 1828:
        6: 1829:        shdrs[7].sh_name = sh_name_debug_str;
        6: 1830:        shdrs[7].sh_type = SHT_STRTAB;
        6: 1831:        shdrs[7].sh_offset = debug_str_offset;
        6: 1832:        shdrs[7].sh_size = debug_str_size;
        6: 1833:        shdrs[7].sh_addralign = 1;
        -: 1834:
        6: 1835:        fwrite(shdrs, sizeof(shdrs), 1, f);
call    0 returned 6
        -: 1836:    }
        -: 1837:
       29: 1838:    fclose(f);
       29: 1839:    return 0;
call    0 returned 29
        -: 1840:
        1: 1841:dwarf_overflow:
        1: 1842:    fprintf(stderr, "Error: DWARF section data exceeded internal buffer capacity\n");
call    0 returned 1
        1: 1843:    fclose(f);
        1: 1844:    return -1;
call    0 returned 1
        -: 1845:}
        -: 1846:
function asm_write_binary called 1 returned 100% blocks executed 75%
        1: 1847:int asm_write_binary(assembler_context_t *ctx, const char *filename) {
        1: 1848:    FILE *f = fopen(filename, "wb");
call    0 returned 1
        1: 1849:    if (!f) {
branch  0 taken 0 (fallthrough)
branch  1 taken 1
    #####: 1850:        fprintf(stderr, "Error: Cannot create file '%s'\n", filename);
    #####: 1851:        return -1;
call    0 never executed
        -: 1852:    }
        -: 1853:
        1: 1854:    fwrite(ctx->text_section, 1, ctx->text_size, f);
call    0 returned 1
        1: 1855:    fclose(f);
        1: 1856:    return 0;
call    0 returned 1
        -: 1857:}
        -: 1858:
function asm_write_hex called 1 returned 100% blocks executed 80%
        1: 1859:int asm_write_hex(assembler_context_t *ctx, const char *filename) {
        1: 1860:    FILE *f = fopen(filename, "w");
call    0 returned 1
        1: 1861:    if (!f) {
branch  0 taken 0 (fallthrough)
branch  1 taken 1
    #####: 1862:        fprintf(stderr, "Error: Cannot create file '%s'\n", filename);
    #####: 1863:        return -1;
call    0 never executed
        -: 1864:    }
        -: 1865:
       17: 1866:    for (size_t i = 0; i < ctx->text_size; i++) {
branch  0 taken 16
branch  1 taken 1 (fallthrough)
       16: 1867:        fprintf(f, "%02x", ctx->text_section[i]);
call    0 returned 16
       16: 1868:        if ((i + 1) % 16 == 0) fprintf(f, "\n");
branch  0 taken 1 (fallthrough)
branch  1 taken 15
call    2 returned 1
       15: 1869:        else fprintf(f, " ");
call    0 returned 15
        -: 1870:    }
       1*: 1871:    if (ctx->text_size % 16 != 0) fprintf(f, "\n");
branch  0 taken 0 (fallthrough)
branch  1 taken 1
call    2 never executed
        -: 1872:
        1: 1873:    fclose(f);
        1: 1874:    return 0;
call    0 returned 1
        -: 1875:}
        -: 1876:
function asm_write_debug_map called 0 returned 0% blocks executed 0%
    #####: 1877:int asm_write_debug_map(assembler_context_t *ctx, const char *filename) {
    #####: 1878:    char map_name[MAX_FILEPATH_LENGTH];
    #####: 1879:    FILE *f;
        -: 1880:
    #####: 1881:    if (!ctx || !filename) return -1;
branch  0 never executed (fallthrough)
branch  1 never executed
        -: 1882:
    #####: 1883:    if (snprintf(map_name, sizeof(map_name), "%s.dbg", filename) >= (int)sizeof(map_name)) {
branch  0 never executed (fallthrough)
branch  1 never executed
    #####: 1884:        fprintf(stderr, "Error: Debug map filename too long\n");
    #####: 1885:        return -1;
call    0 never executed
        -: 1886:    }
        -: 1887:
    #####: 1888:    f = fopen(map_name, "w");
call    0 never executed
    #####: 1889:    if (!f) {
branch  0 never executed (fallthrough)
branch  1 never executed
    #####: 1890:        fprintf(stderr, "Error: Cannot create debug map '%s'\n", map_name);
    #####: 1891:        return -1;
call    0 never executed
        -: 1892:    }
        -: 1893:
    #####: 1894:    fprintf(f, "# x86_64-asm debug map (non-DWARF)\n");
call    0 never executed
    #####: 1895:    fprintf(f, "# base_address=0x%lx\n", ctx->base_address);
call    0 never executed
    #####: 1896:    fprintf(f, "# text_size=%zu data_size=%zu\n", ctx->text_size, ctx->data_size);
call    0 never executed
    #####: 1897:    fprintf(f, "\n");
call    0 never executed
    #####: 1898:    fprintf(f, "SYMBOLS\n");
call    0 never executed
    #####: 1899:    fprintf(f, "name,address,section,global,external\n");
        -: 1900:
    #####: 1901:    for (int i = 0; i < ctx->symbol_count; i++) {
call    0 never executed
branch  1 never executed
branch  2 never executed (fallthrough)
    #####: 1902:        fprintf(f, "%s,0x%lx,%s,%d,%d\n",
    #####: 1903:                ctx->symbols[i].name,
call    0 never executed
        -: 1904:                ctx->symbols[i].address,
    #####: 1905:                ctx->symbols[i].section == 0 ? "text" : "data",
    #####: 1906:                ctx->symbols[i].is_global ? 1 : 0,
    #####: 1907:                ctx->symbols[i].is_external ? 1 : 0);
branch  0 never executed (fallthrough)
branch  1 never executed
        -: 1908:    }
        -: 1909:
    #####: 1910:    fclose(f);
    #####: 1911:    return 0;
call    0 never executed
        -: 1912:}
        -: 1913:
        -: 1914:/* ============================================================================
        -: 1915: * DEBUG OUTPUT
        -: 1916: * ============================================================================ */
        -: 1917:
function asm_dump_symbols called 0 returned 0% blocks executed 0%
    #####: 1918:void asm_dump_symbols(assembler_context_t *ctx) {
    #####: 1919:    printf("Symbol Table:\n");
call    0 never executed
    #####: 1920:    printf("%-30s %-16s %s %s %s\n", "Name", "Address", "Global", "Extern", "Section");
call    0 never executed
    #####: 1921:    printf("%-30s %-16s %s %s %s\n", "----", "-------", "------", "------", "-------");
        -: 1922:
    #####: 1923:    for (int i = 0; i < ctx->symbol_count; i++) {
call    0 never executed
branch  1 never executed
branch  2 never executed (fallthrough)
    #####: 1924:        printf("%-30s 0x%016lx %s      %s      %s\n",
    #####: 1925:               ctx->symbols[i].name,
call    0 never executed
        -: 1926:               ctx->symbols[i].address,
    #####: 1927:               ctx->symbols[i].is_global ? "G" : " ",
branch  0 never executed (fallthrough)
branch  1 never executed
    #####: 1928:               ctx->symbols[i].is_external ? "E" : " ",
branch  0 never executed (fallthrough)
branch  1 never executed
    #####: 1929:               ctx->symbols[i].section == 0 ? "text" : "data");
branch  0 never executed (fallthrough)
branch  1 never executed
        -: 1930:    }
    #####: 1931:}
        -: 1932:
function asm_dump_output called 0 returned 0% blocks executed 0%
    #####: 1933:void asm_dump_output(assembler_context_t *ctx) {
    #####: 1934:    printf("\nGenerated Code (%zu bytes):\n", ctx->text_size);
call    0 never executed
    #####: 1935:    printf("Address    | Hex                                      | ASCII\n");
call    0 never executed
    #####: 1936:    printf("-----------|------------------------------------------|------\n");
        -: 1937:
    #####: 1938:    for (size_t i = 0; i < ctx->text_size; i += 16) {
call    0 never executed
branch  1 never executed
branch  2 never executed (fallthrough)
    #####: 1939:        printf("0x%08lx | ", ctx->base_address + i);
        -: 1940:
        -: 1941:        /* Hex */
    #####: 1942:        for (size_t j = 0; j < 16 && i + j < ctx->text_size; j++) {
call    0 never executed
branch  1 never executed (fallthrough)
branch  2 never executed
branch  3 never executed
branch  4 never executed (fallthrough)
    #####: 1943:            printf("%02x ", ctx->text_section[i + j]);
call    0 never executed
        -: 1944:        }
    #####: 1945:        for (size_t j = ctx->text_size - i; j < 16; j++) {
branch  0 never executed
branch  1 never executed (fallthrough)
    #####: 1946:            printf("   ");
call    0 never executed
        -: 1947:        }
        -: 1948:
    #####: 1949:        printf("| ");
        -: 1950:
        -: 1951:        /* ASCII */
    #####: 1952:        for (size_t j = 0; j < 16 && i + j < ctx->text_size; j++) {
call    0 never executed
branch  1 never executed (fallthrough)
branch  2 never executed
branch  3 never executed
branch  4 never executed (fallthrough)
    #####: 1953:            uint8_t c = ctx->text_section[i + j];
    #####: 1954:            printf("%c", (c >= 32 && c < 127) ? c : '.');
branch  0 never executed (fallthrough)
branch  1 never executed
call    2 never executed
        -: 1955:        }
    #####: 1956:        printf("\n");
call    0 never executed
        -: 1957:    }
    #####: 1958:}
